{"C:\\Users\\emman\\OneDrive\\Desktop\\AndelaCohort29\\MyBrand_BE\\src\\index.ts": {"path":"C:\\Users\\emman\\OneDrive\\Desktop\\AndelaCohort29\\MyBrand_BE\\src\\index.ts","statementMap":{"0":{"start":{"line":2,"column":4},"end":{"line":2,"column":75}},"1":{"start":{"line":3,"column":4},"end":{"line":3,"column":41}},"2":{"start":{"line":4,"column":4},"end":{"line":4,"column":51}},"3":{"start":{"line":5,"column":4},"end":{"line":5,"column":58}},"4":{"start":{"line":6,"column":4},"end":{"line":6,"column":49}},"5":{"start":{"line":7,"column":4},"end":{"line":7,"column":47}},"6":{"start":{"line":8,"column":4},"end":{"line":8,"column":54}},"7":{"start":{"line":9,"column":4},"end":{"line":9,"column":27}},"8":{"start":{"line":12,"column":23},"end":{"line":12,"column":32}},"9":{"start":{"line":14,"column":12},"end":{"line":14,"column":null}},"10":{"start":{"line":15,"column":13},"end":{"line":15,"column":37}},"11":{"start":{"line":16,"column":12},"end":{"line":16,"column":null}},"12":{"start":{"line":17,"column":12},"end":{"line":17,"column":null}},"13":{"start":{"line":18,"column":12},"end":{"line":18,"column":null}},"14":{"start":{"line":19,"column":12},"end":{"line":19,"column":51}},"15":{"start":{"line":21,"column":12},"end":{"line":21,"column":null}},"16":{"start":{"line":22,"column":12},"end":{"line":24,"column":17}},"17":{"start":{"line":23,"column":16},"end":{"line":23,"column":70}},"18":{"start":{"line":27,"column":2},"end":{"line":27,"column":null}}},"fnMap":{"0":{"name":"(anonymous_7)","decl":{"start":{"line":22,"column":30},"end":{"line":22,"column":31}},"loc":{"start":{"line":22,"column":60},"end":{"line":24,"column":15}}}},"branchMap":{},"s":{"0":1,"1":1,"2":1,"3":1,"4":1,"5":1,"6":1,"7":1,"8":1,"9":1,"10":1,"11":1,"12":1,"13":1,"14":1,"15":1,"16":1,"17":2,"18":1},"f":{"0":2},"b":{}}
,"C:\\Users\\emman\\OneDrive\\Desktop\\AndelaCohort29\\MyBrand_BE\\src\\controllers\\blogsComment.ts": {"path":"C:\\Users\\emman\\OneDrive\\Desktop\\AndelaCohort29\\MyBrand_BE\\src\\controllers\\blogsComment.ts","statementMap":{"0":{"start":{"line":2,"column":0},"end":{"line":2,"column":47}},"1":{"start":{"line":5,"column":20},"end":{"line":22,"column":null}},"2":{"start":{"line":5,"column":53},"end":{"line":22,"column":null}},"3":{"start":{"line":7,"column":4},"end":{"line":21,"column":5}},"4":{"start":{"line":8,"column":17},"end":{"line":8,"column":25}},"5":{"start":{"line":10,"column":29},"end":{"line":14,"column":18}},"6":{"start":{"line":16,"column":31},"end":{"line":16,"column":54}},"7":{"start":{"line":17,"column":16},"end":{"line":17,"column":null}},"8":{"start":{"line":20,"column":7},"end":{"line":20,"column":null}},"9":{"start":{"line":63,"column":7},"end":{"line":63,"column":20}},"10":{"start":{"line":24,"column":18},"end":{"line":31,"column":null}},"11":{"start":{"line":24,"column":51},"end":{"line":31,"column":null}},"12":{"start":{"line":25,"column":4},"end":{"line":30,"column":5}},"13":{"start":{"line":26,"column":21},"end":{"line":26,"column":69}},"14":{"start":{"line":27,"column":8},"end":{"line":27,"column":null}},"15":{"start":{"line":29,"column":7},"end":{"line":29,"column":null}},"16":{"start":{"line":63,"column":21},"end":{"line":63,"column":32}},"17":{"start":{"line":33,"column":20},"end":{"line":45,"column":null}},"18":{"start":{"line":33,"column":53},"end":{"line":45,"column":null}},"19":{"start":{"line":34,"column":4},"end":{"line":44,"column":5}},"20":{"start":{"line":35,"column":22},"end":{"line":35,"column":79}},"21":{"start":{"line":36,"column":8},"end":{"line":40,"column":9}},"22":{"start":{"line":37,"column":12},"end":{"line":37,"column":null}},"23":{"start":{"line":39,"column":12},"end":{"line":39,"column":null}},"24":{"start":{"line":43,"column":8},"end":{"line":43,"column":null}},"25":{"start":{"line":63,"column":33},"end":{"line":63,"column":46}},"26":{"start":{"line":48,"column":20},"end":{"line":61,"column":null}},"27":{"start":{"line":48,"column":53},"end":{"line":61,"column":null}},"28":{"start":{"line":49,"column":4},"end":{"line":60,"column":5}},"29":{"start":{"line":50,"column":22},"end":{"line":50,"column":79}},"30":{"start":{"line":51,"column":8},"end":{"line":56,"column":9}},"31":{"start":{"line":52,"column":12},"end":{"line":52,"column":null}},"32":{"start":{"line":53,"column":11},"end":{"line":53,"column":null}},"33":{"start":{"line":55,"column":11},"end":{"line":55,"column":null}},"34":{"start":{"line":59,"column":7},"end":{"line":59,"column":null}},"35":{"start":{"line":63,"column":47},"end":{"line":63,"column":60}}},"fnMap":{"0":{"name":"(anonymous_8)","decl":{"start":{"line":5,"column":20},"end":{"line":5,"column":26}},"loc":{"start":{"line":5,"column":53},"end":{"line":22,"column":null}}},"1":{"name":"(anonymous_9)","decl":{"start":{"line":5,"column":53},"end":{"line":5,"column":null}},"loc":{"start":{"line":5,"column":53},"end":{"line":22,"column":1}}},"2":{"name":"(anonymous_10)","decl":{"start":{"line":24,"column":18},"end":{"line":24,"column":24}},"loc":{"start":{"line":24,"column":51},"end":{"line":31,"column":null}}},"3":{"name":"(anonymous_11)","decl":{"start":{"line":24,"column":51},"end":{"line":24,"column":null}},"loc":{"start":{"line":24,"column":51},"end":{"line":31,"column":1}}},"4":{"name":"(anonymous_12)","decl":{"start":{"line":33,"column":20},"end":{"line":33,"column":26}},"loc":{"start":{"line":33,"column":53},"end":{"line":45,"column":null}}},"5":{"name":"(anonymous_13)","decl":{"start":{"line":33,"column":53},"end":{"line":33,"column":null}},"loc":{"start":{"line":33,"column":53},"end":{"line":45,"column":1}}},"6":{"name":"(anonymous_14)","decl":{"start":{"line":48,"column":20},"end":{"line":48,"column":26}},"loc":{"start":{"line":48,"column":53},"end":{"line":61,"column":null}}},"7":{"name":"(anonymous_15)","decl":{"start":{"line":48,"column":53},"end":{"line":48,"column":null}},"loc":{"start":{"line":48,"column":53},"end":{"line":61,"column":1}}}},"branchMap":{"0":{"loc":{"start":{"line":36,"column":8},"end":{"line":40,"column":9}},"type":"if","locations":[{"start":{"line":36,"column":8},"end":{"line":40,"column":9}},{"start":{"line":38,"column":13},"end":{"line":40,"column":9}}]},"1":{"loc":{"start":{"line":51,"column":8},"end":{"line":56,"column":9}},"type":"if","locations":[{"start":{"line":51,"column":8},"end":{"line":56,"column":9}},{"start":{"line":54,"column":13},"end":{"line":56,"column":9}}]}},"s":{"0":1,"1":1,"2":1,"3":1,"4":1,"5":1,"6":1,"7":1,"8":0,"9":1,"10":1,"11":1,"12":1,"13":1,"14":1,"15":0,"16":1,"17":1,"18":3,"19":3,"20":3,"21":2,"22":1,"23":1,"24":1,"25":1,"26":1,"27":3,"28":3,"29":3,"30":2,"31":1,"32":1,"33":1,"34":1,"35":1},"f":{"0":1,"1":1,"2":1,"3":1,"4":3,"5":3,"6":3,"7":3},"b":{"0":[1,1],"1":[1,1]}}
,"C:\\Users\\emman\\OneDrive\\Desktop\\AndelaCohort29\\MyBrand_BE\\src\\controllers\\blogsController.ts": {"path":"C:\\Users\\emman\\OneDrive\\Desktop\\AndelaCohort29\\MyBrand_BE\\src\\controllers\\blogsController.ts","statementMap":{"0":{"start":{"line":1,"column":0},"end":{"line":1,"column":45}},"1":{"start":{"line":2,"column":0},"end":{"line":2,"column":33}},"2":{"start":{"line":6,"column":0},"end":{"line":6,"column":42}},"3":{"start":{"line":7,"column":0},"end":{"line":7,"column":48}},"4":{"start":{"line":8,"column":20},"end":{"line":31,"column":null}},"5":{"start":{"line":8,"column":47},"end":{"line":31,"column":null}},"6":{"start":{"line":11,"column":26},"end":{"line":11,"column":28}},"7":{"start":{"line":12,"column":8},"end":{"line":17,"column":9}},"8":{"start":{"line":13,"column":32},"end":{"line":13,"column":79}},"9":{"start":{"line":14,"column":11},"end":{"line":14,"column":null}},"10":{"start":{"line":16,"column":12},"end":{"line":16,"column":null}},"11":{"start":{"line":19,"column":27},"end":{"line":24,"column":14}},"12":{"start":{"line":25,"column":12},"end":{"line":25,"column":null}},"13":{"start":{"line":27,"column":23},"end":{"line":27,"column":53}},"14":{"start":{"line":28,"column":7},"end":{"line":28,"column":null}},"15":{"start":{"line":123,"column":7},"end":{"line":123,"column":20}},"16":{"start":{"line":33,"column":18},"end":{"line":48,"column":null}},"17":{"start":{"line":33,"column":54},"end":{"line":48,"column":null}},"18":{"start":{"line":34,"column":18},"end":{"line":34,"column":35}},"19":{"start":{"line":35,"column":21},"end":{"line":44,"column":null}},"20":{"start":{"line":36,"column":33},"end":{"line":44,"column":10}},"21":{"start":{"line":37,"column":28},"end":{"line":37,"column":79}},"22":{"start":{"line":38,"column":31},"end":{"line":38,"column":83}},"23":{"start":{"line":39,"column":10},"end":{"line":42,"column":null}},"24":{"start":{"line":47,"column":5},"end":{"line":47,"column":null}},"25":{"start":{"line":123,"column":21},"end":{"line":123,"column":32}},"26":{"start":{"line":50,"column":17},"end":{"line":57,"column":null}},"27":{"start":{"line":50,"column":53},"end":{"line":57,"column":null}},"28":{"start":{"line":51,"column":4},"end":{"line":56,"column":5}},"29":{"start":{"line":52,"column":21},"end":{"line":52,"column":63}},"30":{"start":{"line":53,"column":8},"end":{"line":53,"column":null}},"31":{"start":{"line":55,"column":8},"end":{"line":55,"column":null}},"32":{"start":{"line":123,"column":33},"end":{"line":123,"column":43}},"33":{"start":{"line":60,"column":17},"end":{"line":108,"column":null}},"34":{"start":{"line":60,"column":49},"end":{"line":108,"column":null}},"35":{"start":{"line":61,"column":4},"end":{"line":106,"column":5}},"36":{"start":{"line":63,"column":20},"end":{"line":63,"column":62}},"37":{"start":{"line":65,"column":8},"end":{"line":102,"column":13}},"38":{"start":{"line":67,"column":12},"end":{"line":70,"column":13}},"39":{"start":{"line":68,"column":36},"end":{"line":68,"column":83}},"40":{"start":{"line":69,"column":15},"end":{"line":69,"column":null}},"41":{"start":{"line":72,"column":27},"end":{"line":72,"column":29}},"42":{"start":{"line":74,"column":12},"end":{"line":79,"column":13}},"43":{"start":{"line":75,"column":16},"end":{"line":77,"column":17}},"44":{"start":{"line":76,"column":20},"end":{"line":76,"column":null}},"45":{"start":{"line":78,"column":16},"end":{"line":78,"column":null}},"46":{"start":{"line":81,"column":12},"end":{"line":86,"column":13}},"47":{"start":{"line":82,"column":16},"end":{"line":84,"column":17}},"48":{"start":{"line":83,"column":20},"end":{"line":83,"column":null}},"49":{"start":{"line":85,"column":16},"end":{"line":85,"column":null}},"50":{"start":{"line":87,"column":12},"end":{"line":92,"column":13}},"51":{"start":{"line":88,"column":16},"end":{"line":90,"column":17}},"52":{"start":{"line":89,"column":20},"end":{"line":89,"column":null}},"53":{"start":{"line":91,"column":16},"end":{"line":91,"column":null}},"54":{"start":{"line":94,"column":12},"end":{"line":101,"column":14}},"55":{"start":{"line":95,"column":16},"end":{"line":95,"column":null}},"56":{"start":{"line":97,"column":12},"end":{"line":97,"column":null}},"57":{"start":{"line":98,"column":12},"end":{"line":100,"column":null}},"58":{"start":{"line":105,"column":8},"end":{"line":105,"column":null}},"59":{"start":{"line":123,"column":44},"end":{"line":123,"column":54}},"60":{"start":{"line":110,"column":17},"end":{"line":119,"column":null}},"61":{"start":{"line":110,"column":53},"end":{"line":119,"column":null}},"62":{"start":{"line":111,"column":4},"end":{"line":118,"column":5}},"63":{"start":{"line":113,"column":8},"end":{"line":113,"column":null}},"64":{"start":{"line":114,"column":8},"end":{"line":114,"column":null}},"65":{"start":{"line":117,"column":8},"end":{"line":117,"column":null}},"66":{"start":{"line":123,"column":55},"end":{"line":123,"column":65}}},"fnMap":{"0":{"name":"(anonymous_8)","decl":{"start":{"line":8,"column":20},"end":{"line":8,"column":27}},"loc":{"start":{"line":8,"column":47},"end":{"line":31,"column":null}}},"1":{"name":"(anonymous_9)","decl":{"start":{"line":8,"column":47},"end":{"line":8,"column":null}},"loc":{"start":{"line":8,"column":47},"end":{"line":31,"column":1}}},"2":{"name":"(anonymous_10)","decl":{"start":{"line":33,"column":18},"end":{"line":33,"column":25}},"loc":{"start":{"line":33,"column":54},"end":{"line":48,"column":null}}},"3":{"name":"(anonymous_11)","decl":{"start":{"line":33,"column":54},"end":{"line":33,"column":null}},"loc":{"start":{"line":33,"column":54},"end":{"line":48,"column":1}}},"4":{"name":"(anonymous_12)","decl":{"start":{"line":36,"column":18},"end":{"line":36,"column":25}},"loc":{"start":{"line":36,"column":33},"end":{"line":44,"column":10}}},"5":{"name":"(anonymous_13)","decl":{"start":{"line":36,"column":33},"end":{"line":36,"column":null}},"loc":{"start":{"line":36,"column":33},"end":{"line":44,"column":9}}},"6":{"name":"(anonymous_14)","decl":{"start":{"line":50,"column":17},"end":{"line":50,"column":24}},"loc":{"start":{"line":50,"column":53},"end":{"line":57,"column":null}}},"7":{"name":"(anonymous_15)","decl":{"start":{"line":50,"column":53},"end":{"line":50,"column":null}},"loc":{"start":{"line":50,"column":53},"end":{"line":57,"column":1}}},"8":{"name":"(anonymous_16)","decl":{"start":{"line":60,"column":17},"end":{"line":60,"column":24}},"loc":{"start":{"line":60,"column":49},"end":{"line":108,"column":null}}},"9":{"name":"(anonymous_17)","decl":{"start":{"line":60,"column":49},"end":{"line":60,"column":null}},"loc":{"start":{"line":60,"column":49},"end":{"line":108,"column":1}}},"10":{"name":"(anonymous_18)","decl":{"start":{"line":110,"column":17},"end":{"line":110,"column":24}},"loc":{"start":{"line":110,"column":53},"end":{"line":119,"column":null}}},"11":{"name":"(anonymous_19)","decl":{"start":{"line":110,"column":53},"end":{"line":110,"column":null}},"loc":{"start":{"line":110,"column":53},"end":{"line":119,"column":1}}}},"branchMap":{"0":{"loc":{"start":{"line":12,"column":8},"end":{"line":17,"column":9}},"type":"if","locations":[{"start":{"line":12,"column":8},"end":{"line":17,"column":9}},{"start":{"line":15,"column":13},"end":{"line":17,"column":9}}]},"1":{"loc":{"start":{"line":65,"column":8},"end":{"line":102,"column":13}},"type":"if","locations":[{"start":{"line":65,"column":8},"end":{"line":102,"column":13}}]},"2":{"loc":{"start":{"line":67,"column":12},"end":{"line":70,"column":13}},"type":"if","locations":[{"start":{"line":67,"column":12},"end":{"line":70,"column":13}}]},"3":{"loc":{"start":{"line":74,"column":12},"end":{"line":79,"column":13}},"type":"if","locations":[{"start":{"line":74,"column":12},"end":{"line":79,"column":13}}]},"4":{"loc":{"start":{"line":75,"column":16},"end":{"line":77,"column":17}},"type":"if","locations":[{"start":{"line":75,"column":16},"end":{"line":77,"column":17}}]},"5":{"loc":{"start":{"line":75,"column":19},"end":{"line":75,"column":72}},"type":"binary-expr","locations":[{"start":{"line":75,"column":19},"end":{"line":75,"column":43}},{"start":{"line":75,"column":47},"end":{"line":75,"column":72}}]},"6":{"loc":{"start":{"line":81,"column":12},"end":{"line":86,"column":13}},"type":"if","locations":[{"start":{"line":81,"column":12},"end":{"line":86,"column":13}}]},"7":{"loc":{"start":{"line":82,"column":16},"end":{"line":84,"column":17}},"type":"if","locations":[{"start":{"line":82,"column":16},"end":{"line":84,"column":17}}]},"8":{"loc":{"start":{"line":82,"column":19},"end":{"line":82,"column":80}},"type":"binary-expr","locations":[{"start":{"line":82,"column":19},"end":{"line":82,"column":47}},{"start":{"line":82,"column":51},"end":{"line":82,"column":80}}]},"9":{"loc":{"start":{"line":87,"column":12},"end":{"line":92,"column":13}},"type":"if","locations":[{"start":{"line":87,"column":12},"end":{"line":92,"column":13}}]},"10":{"loc":{"start":{"line":88,"column":16},"end":{"line":90,"column":17}},"type":"if","locations":[{"start":{"line":88,"column":16},"end":{"line":90,"column":17}}]},"11":{"loc":{"start":{"line":94,"column":12},"end":{"line":101,"column":14}},"type":"if","locations":[{"start":{"line":94,"column":12},"end":{"line":101,"column":14}},{"start":{"line":96,"column":17},"end":{"line":101,"column":14}}]}},"s":{"0":1,"1":1,"2":1,"3":1,"4":1,"5":1,"6":1,"7":1,"8":1,"9":1,"10":0,"11":1,"12":1,"13":1,"14":1,"15":1,"16":1,"17":1,"18":1,"19":1,"20":40,"21":40,"22":40,"23":40,"24":1,"25":1,"26":1,"27":1,"28":1,"29":1,"30":1,"31":0,"32":1,"33":1,"34":1,"35":1,"36":1,"37":1,"38":1,"39":0,"40":0,"41":1,"42":1,"43":1,"44":0,"45":1,"46":1,"47":1,"48":0,"49":1,"50":1,"51":1,"52":0,"53":1,"54":1,"55":0,"56":1,"57":1,"58":0,"59":1,"60":1,"61":1,"62":1,"63":1,"64":1,"65":0,"66":1},"f":{"0":1,"1":1,"2":1,"3":1,"4":40,"5":40,"6":1,"7":1,"8":1,"9":1,"10":1,"11":1},"b":{"0":[1,0],"1":[1],"2":[0],"3":[1],"4":[0],"5":[1,1],"6":[1],"7":[0],"8":[1,1],"9":[1],"10":[0],"11":[0,1]}}
,"C:\\Users\\emman\\OneDrive\\Desktop\\AndelaCohort29\\MyBrand_BE\\src\\controllers\\blogsLikeController.ts": {"path":"C:\\Users\\emman\\OneDrive\\Desktop\\AndelaCohort29\\MyBrand_BE\\src\\controllers\\blogsLikeController.ts","statementMap":{"0":{"start":{"line":1,"column":0},"end":{"line":1,"column":41}},"1":{"start":{"line":7,"column":20},"end":{"line":43,"column":null}},"2":{"start":{"line":7,"column":56},"end":{"line":43,"column":null}},"3":{"start":{"line":8,"column":4},"end":{"line":42,"column":5}},"4":{"start":{"line":9,"column":19},"end":{"line":9,"column":36}},"5":{"start":{"line":10,"column":21},"end":{"line":10,"column":29}},"6":{"start":{"line":11,"column":19},"end":{"line":11,"column":23}},"7":{"start":{"line":12,"column":22},"end":{"line":13,"column":23}},"8":{"start":{"line":15,"column":4},"end":{"line":41,"column":5}},"9":{"start":{"line":16,"column":8},"end":{"line":16,"column":null}},"10":{"start":{"line":17,"column":8},"end":{"line":17,"column":null}},"11":{"start":{"line":18,"column":24},"end":{"line":18,"column":91}},"12":{"start":{"line":19,"column":27},"end":{"line":19,"column":95}},"13":{"start":{"line":21,"column":8},"end":{"line":26,"column":null}},"14":{"start":{"line":28,"column":21},"end":{"line":32,"column":10}},"15":{"start":{"line":34,"column":22},"end":{"line":34,"column":40}},"16":{"start":{"line":35,"column":23},"end":{"line":35,"column":90}},"17":{"start":{"line":37,"column":7},"end":{"line":40,"column":null}},"18":{"start":{"line":58,"column":7},"end":{"line":58,"column":20}},"19":{"start":{"line":49,"column":20},"end":{"line":56,"column":null}},"20":{"start":{"line":49,"column":54},"end":{"line":56,"column":null}},"21":{"start":{"line":50,"column":20},"end":{"line":50,"column":87}},"22":{"start":{"line":51,"column":23},"end":{"line":51,"column":91}},"23":{"start":{"line":52,"column":4},"end":{"line":55,"column":null}},"24":{"start":{"line":58,"column":21},"end":{"line":58,"column":34}}},"fnMap":{"0":{"name":"(anonymous_8)","decl":{"start":{"line":7,"column":20},"end":{"line":7,"column":27}},"loc":{"start":{"line":7,"column":56},"end":{"line":43,"column":null}}},"1":{"name":"(anonymous_9)","decl":{"start":{"line":7,"column":56},"end":{"line":7,"column":null}},"loc":{"start":{"line":7,"column":56},"end":{"line":43,"column":5}}},"2":{"name":"(anonymous_10)","decl":{"start":{"line":49,"column":20},"end":{"line":49,"column":26}},"loc":{"start":{"line":49,"column":54},"end":{"line":56,"column":null}}},"3":{"name":"(anonymous_11)","decl":{"start":{"line":49,"column":54},"end":{"line":49,"column":null}},"loc":{"start":{"line":49,"column":54},"end":{"line":56,"column":1}}}},"branchMap":{"0":{"loc":{"start":{"line":8,"column":4},"end":{"line":42,"column":5}},"type":"if","locations":[{"start":{"line":8,"column":4},"end":{"line":42,"column":5}}]},"1":{"loc":{"start":{"line":15,"column":4},"end":{"line":41,"column":5}},"type":"if","locations":[{"start":{"line":15,"column":4},"end":{"line":41,"column":5}},{"start":{"line":27,"column":9},"end":{"line":41,"column":5}}]}},"s":{"0":1,"1":1,"2":2,"3":2,"4":2,"5":2,"6":2,"7":2,"8":2,"9":1,"10":1,"11":1,"12":1,"13":1,"14":1,"15":1,"16":1,"17":1,"18":1,"19":1,"20":1,"21":1,"22":1,"23":1,"24":1},"f":{"0":2,"1":2,"2":1,"3":1},"b":{"0":[2],"1":[1,1]}}
,"C:\\Users\\emman\\OneDrive\\Desktop\\AndelaCohort29\\MyBrand_BE\\src\\controllers\\querriesController.ts": {"path":"C:\\Users\\emman\\OneDrive\\Desktop\\AndelaCohort29\\MyBrand_BE\\src\\controllers\\querriesController.ts","statementMap":{"0":{"start":{"line":2,"column":0},"end":{"line":2,"column":40}},"1":{"start":{"line":5,"column":21},"end":{"line":26,"column":null}},"2":{"start":{"line":5,"column":54},"end":{"line":26,"column":null}},"3":{"start":{"line":6,"column":4},"end":{"line":25,"column":5}},"4":{"start":{"line":8,"column":25},"end":{"line":12,"column":null}},"5":{"start":{"line":14,"column":26},"end":{"line":19,"column":10}},"6":{"start":{"line":20,"column":20},"end":{"line":20,"column":44}},"7":{"start":{"line":21,"column":8},"end":{"line":21,"column":null}},"8":{"start":{"line":24,"column":7},"end":{"line":24,"column":null}},"9":{"start":{"line":53,"column":7},"end":{"line":53,"column":21}},"10":{"start":{"line":28,"column":18},"end":{"line":36,"column":null}},"11":{"start":{"line":28,"column":51},"end":{"line":36,"column":null}},"12":{"start":{"line":29,"column":21},"end":{"line":29,"column":41}},"13":{"start":{"line":30,"column":4},"end":{"line":34,"column":5}},"14":{"start":{"line":31,"column":8},"end":{"line":31,"column":null}},"15":{"start":{"line":33,"column":7},"end":{"line":33,"column":null}},"16":{"start":{"line":53,"column":22},"end":{"line":53,"column":33}},"17":{"start":{"line":38,"column":21},"end":{"line":51,"column":null}},"18":{"start":{"line":38,"column":54},"end":{"line":51,"column":null}},"19":{"start":{"line":39,"column":4},"end":{"line":50,"column":5}},"20":{"start":{"line":40,"column":21},"end":{"line":40,"column":64}},"21":{"start":{"line":41,"column":8},"end":{"line":46,"column":9}},"22":{"start":{"line":42,"column":12},"end":{"line":42,"column":null}},"23":{"start":{"line":43,"column":11},"end":{"line":43,"column":null}},"24":{"start":{"line":45,"column":12},"end":{"line":45,"column":null}},"25":{"start":{"line":49,"column":8},"end":{"line":49,"column":null}},"26":{"start":{"line":53,"column":34},"end":{"line":53,"column":48}}},"fnMap":{"0":{"name":"(anonymous_8)","decl":{"start":{"line":5,"column":21},"end":{"line":5,"column":27}},"loc":{"start":{"line":5,"column":54},"end":{"line":26,"column":null}}},"1":{"name":"(anonymous_9)","decl":{"start":{"line":5,"column":54},"end":{"line":5,"column":null}},"loc":{"start":{"line":5,"column":54},"end":{"line":26,"column":1}}},"2":{"name":"(anonymous_10)","decl":{"start":{"line":28,"column":18},"end":{"line":28,"column":24}},"loc":{"start":{"line":28,"column":51},"end":{"line":36,"column":null}}},"3":{"name":"(anonymous_11)","decl":{"start":{"line":28,"column":51},"end":{"line":28,"column":null}},"loc":{"start":{"line":28,"column":51},"end":{"line":36,"column":1}}},"4":{"name":"(anonymous_12)","decl":{"start":{"line":38,"column":21},"end":{"line":38,"column":27}},"loc":{"start":{"line":38,"column":54},"end":{"line":51,"column":null}}},"5":{"name":"(anonymous_13)","decl":{"start":{"line":38,"column":54},"end":{"line":38,"column":null}},"loc":{"start":{"line":38,"column":54},"end":{"line":51,"column":1}}}},"branchMap":{"0":{"loc":{"start":{"line":30,"column":4},"end":{"line":34,"column":5}},"type":"if","locations":[{"start":{"line":30,"column":4},"end":{"line":34,"column":5}},{"start":{"line":32,"column":9},"end":{"line":34,"column":5}}]},"1":{"loc":{"start":{"line":41,"column":8},"end":{"line":46,"column":9}},"type":"if","locations":[{"start":{"line":41,"column":8},"end":{"line":46,"column":9}},{"start":{"line":44,"column":13},"end":{"line":46,"column":9}}]}},"s":{"0":1,"1":1,"2":1,"3":1,"4":1,"5":1,"6":1,"7":1,"8":0,"9":1,"10":1,"11":1,"12":1,"13":1,"14":1,"15":0,"16":1,"17":1,"18":2,"19":2,"20":2,"21":1,"22":1,"23":1,"24":0,"25":1,"26":1},"f":{"0":1,"1":1,"2":1,"3":1,"4":2,"5":2},"b":{"0":[1,0],"1":[1,0]}}
,"C:\\Users\\emman\\OneDrive\\Desktop\\AndelaCohort29\\MyBrand_BE\\src\\controllers\\auth\\login.ts": {"path":"C:\\Users\\emman\\OneDrive\\Desktop\\AndelaCohort29\\MyBrand_BE\\src\\controllers\\auth\\login.ts","statementMap":{"0":{"start":{"line":2,"column":0},"end":{"line":2,"column":33}},"1":{"start":{"line":3,"column":0},"end":{"line":3,"column":32}},"2":{"start":{"line":7,"column":23},"end":{"line":37,"column":9}},"3":{"start":{"line":9,"column":4},"end":{"line":36,"column":28}},"4":{"start":{"line":11,"column":65},"end":{"line":35,"column":null}},"5":{"start":{"line":12,"column":14},"end":{"line":34,"column":15}},"6":{"start":{"line":13,"column":16},"end":{"line":17,"column":17}},"7":{"start":{"line":14,"column":32},"end":{"line":14,"column":63}},"8":{"start":{"line":15,"column":18},"end":{"line":15,"column":null}},"9":{"start":{"line":16,"column":18},"end":{"line":16,"column":36}},"10":{"start":{"line":19,"column":16},"end":{"line":31,"column":18}},"11":{"start":{"line":22,"column":34},"end":{"line":30,"column":null}},"12":{"start":{"line":23,"column":20},"end":{"line":24,"column":41}},"13":{"start":{"line":24,"column":22},"end":{"line":24,"column":41}},"14":{"start":{"line":26,"column":33},"end":{"line":26,"column":86}},"15":{"start":{"line":27,"column":34},"end":{"line":27,"column":108}},"16":{"start":{"line":29,"column":20},"end":{"line":29,"column":102}},"17":{"start":{"line":33,"column":16},"end":{"line":33,"column":35}},"18":{"start":{"line":7,"column":13},"end":{"line":7,"column":23}}},"fnMap":{"0":{"name":"(anonymous_8)","decl":{"start":{"line":7,"column":23},"end":{"line":7,"column":24}},"loc":{"start":{"line":7,"column":69},"end":{"line":37,"column":9}}},"1":{"name":"(anonymous_9)","decl":{"start":{"line":11,"column":12},"end":{"line":11,"column":19}},"loc":{"start":{"line":11,"column":65},"end":{"line":35,"column":null}}},"2":{"name":"(anonymous_10)","decl":{"start":{"line":11,"column":65},"end":{"line":11,"column":null}},"loc":{"start":{"line":11,"column":65},"end":{"line":35,"column":13}}},"3":{"name":"(anonymous_11)","decl":{"start":{"line":22,"column":18},"end":{"line":22,"column":25}},"loc":{"start":{"line":22,"column":34},"end":{"line":30,"column":null}}},"4":{"name":"(anonymous_12)","decl":{"start":{"line":22,"column":34},"end":{"line":22,"column":null}},"loc":{"start":{"line":22,"column":34},"end":{"line":30,"column":19}}}},"branchMap":{"0":{"loc":{"start":{"line":13,"column":16},"end":{"line":17,"column":17}},"type":"if","locations":[{"start":{"line":13,"column":16},"end":{"line":17,"column":17}}]},"1":{"loc":{"start":{"line":13,"column":20},"end":{"line":13,"column":32}},"type":"binary-expr","locations":[{"start":{"line":13,"column":20},"end":{"line":13,"column":23}},{"start":{"line":13,"column":27},"end":{"line":13,"column":32}}]},"2":{"loc":{"start":{"line":23,"column":20},"end":{"line":24,"column":41}},"type":"if","locations":[{"start":{"line":23,"column":20},"end":{"line":24,"column":41}}]}},"s":{"0":1,"1":1,"2":1,"3":4,"4":4,"5":4,"6":4,"7":2,"8":2,"9":2,"10":2,"11":2,"12":2,"13":0,"14":2,"15":2,"16":2,"17":0,"18":1},"f":{"0":4,"1":4,"2":4,"3":2,"4":2},"b":{"0":[2],"1":[4,4],"2":[0]}}
,"C:\\Users\\emman\\OneDrive\\Desktop\\AndelaCohort29\\MyBrand_BE\\src\\controllers\\auth\\signup.ts": {"path":"C:\\Users\\emman\\OneDrive\\Desktop\\AndelaCohort29\\MyBrand_BE\\src\\controllers\\auth\\signup.ts","statementMap":{"0":{"start":{"line":2,"column":0},"end":{"line":2,"column":33}},"1":{"start":{"line":5,"column":24},"end":{"line":23,"column":null}},"2":{"start":{"line":5,"column":79},"end":{"line":23,"column":null}},"3":{"start":{"line":8,"column":2},"end":{"line":22,"column":3}},"4":{"start":{"line":9,"column":15},"end":{"line":9,"column":32}},"5":{"start":{"line":10,"column":17},"end":{"line":10,"column":70}},"6":{"start":{"line":11,"column":4},"end":{"line":11,"column":86}},"7":{"start":{"line":13,"column":1},"end":{"line":17,"column":5}},"8":{"start":{"line":19,"column":3},"end":{"line":21,"column":null}},"9":{"start":{"line":5,"column":13},"end":{"line":5,"column":24}}},"fnMap":{"0":{"name":"(anonymous_8)","decl":{"start":{"line":5,"column":24},"end":{"line":5,"column":31}},"loc":{"start":{"line":5,"column":79},"end":{"line":23,"column":null}}},"1":{"name":"(anonymous_9)","decl":{"start":{"line":5,"column":79},"end":{"line":5,"column":null}},"loc":{"start":{"line":5,"column":79},"end":{"line":23,"column":1}}}},"branchMap":{"0":{"loc":{"start":{"line":8,"column":2},"end":{"line":22,"column":3}},"type":"if","locations":[{"start":{"line":8,"column":2},"end":{"line":22,"column":3}},{"start":{"line":18,"column":7},"end":{"line":22,"column":3}}]}},"s":{"0":1,"1":1,"2":1,"3":1,"4":1,"5":1,"6":1,"7":1,"8":0,"9":1},"f":{"0":1,"1":1},"b":{"0":[1,0]}}
,"C:\\Users\\emman\\OneDrive\\Desktop\\AndelaCohort29\\MyBrand_BE\\src\\controllers\\auth\\verifyUser.ts": {"path":"C:\\Users\\emman\\OneDrive\\Desktop\\AndelaCohort29\\MyBrand_BE\\src\\controllers\\auth\\verifyUser.ts","statementMap":{"0":{"start":{"line":5,"column":0},"end":{"line":5,"column":41}},"1":{"start":{"line":7,"column":25},"end":{"line":21,"column":null}},"2":{"start":{"line":7,"column":54},"end":{"line":21,"column":null}},"3":{"start":{"line":9,"column":3},"end":{"line":18,"column":9}},"4":{"start":{"line":10,"column":8},"end":{"line":10,"column":null}},"5":{"start":{"line":11,"column":17},"end":{"line":11,"column":25}},"6":{"start":{"line":12,"column":28},"end":{"line":12,"column":67}},"7":{"start":{"line":13,"column":11},"end":{"line":15,"column":12}},"8":{"start":{"line":14,"column":12},"end":{"line":14,"column":null}},"9":{"start":{"line":17,"column":12},"end":{"line":17,"column":null}},"10":{"start":{"line":7,"column":13},"end":{"line":7,"column":25}}},"fnMap":{"0":{"name":"(anonymous_8)","decl":{"start":{"line":7,"column":25},"end":{"line":7,"column":31}},"loc":{"start":{"line":7,"column":54},"end":{"line":21,"column":null}}},"1":{"name":"(anonymous_9)","decl":{"start":{"line":7,"column":54},"end":{"line":7,"column":null}},"loc":{"start":{"line":7,"column":54},"end":{"line":21,"column":1}}}},"branchMap":{"0":{"loc":{"start":{"line":13,"column":11},"end":{"line":15,"column":12}},"type":"if","locations":[{"start":{"line":13,"column":11},"end":{"line":15,"column":12}}]}},"s":{"0":1,"1":1,"2":0,"3":0,"4":0,"5":0,"6":0,"7":0,"8":0,"9":0,"10":1},"f":{"0":0,"1":0},"b":{"0":[0]}}
,"C:\\Users\\emman\\OneDrive\\Desktop\\AndelaCohort29\\MyBrand_BE\\src\\middleware\\auth.passport.ts": {"path":"C:\\Users\\emman\\OneDrive\\Desktop\\AndelaCohort29\\MyBrand_BE\\src\\middleware\\auth.passport.ts","statementMap":{"0":{"start":{"line":1,"column":0},"end":{"line":1,"column":32}},"1":{"start":{"line":2,"column":0},"end":{"line":2,"column":27}},"2":{"start":{"line":3,"column":0},"end":{"line":3,"column":27}},"3":{"start":{"line":4,"column":0},"end":{"line":4,"column":59}},"4":{"start":{"line":5,"column":0},"end":{"line":5,"column":39}},"5":{"start":{"line":10,"column":20},"end":{"line":10,"column":52}},"6":{"start":{"line":11,"column":19},"end":{"line":11,"column":53}},"7":{"start":{"line":13,"column":0},"end":{"line":13,"column":16}},"8":{"start":{"line":16,"column":0},"end":{"line":45,"column":4}},"9":{"start":{"line":24,"column":46},"end":{"line":43,"column":null}},"10":{"start":{"line":25,"column":8},"end":{"line":42,"column":9}},"11":{"start":{"line":28,"column":21},"end":{"line":28,"column":45}},"12":{"start":{"line":29,"column":29},"end":{"line":29,"column":61}},"13":{"start":{"line":31,"column":20},"end":{"line":31,"column":34}},"14":{"start":{"line":32,"column":21},"end":{"line":36,"column":12}},"15":{"start":{"line":38,"column":8},"end":{"line":38,"column":null}},"16":{"start":{"line":39,"column":10},"end":{"line":39,"column":34}},"17":{"start":{"line":41,"column":10},"end":{"line":41,"column":22}},"18":{"start":{"line":49,"column":0},"end":{"line":77,"column":2}},"19":{"start":{"line":56,"column":36},"end":{"line":75,"column":null}},"20":{"start":{"line":57,"column":6},"end":{"line":74,"column":7}},"21":{"start":{"line":58,"column":21},"end":{"line":58,"column":51}},"22":{"start":{"line":60,"column":8},"end":{"line":62,"column":9}},"23":{"start":{"line":61,"column":10},"end":{"line":61,"column":66}},"24":{"start":{"line":64,"column":25},"end":{"line":64,"column":69}},"25":{"start":{"line":66,"column":8},"end":{"line":68,"column":9}},"26":{"start":{"line":67,"column":10},"end":{"line":67,"column":66}},"27":{"start":{"line":70,"column":8},"end":{"line":70,"column":71}},"28":{"start":{"line":73,"column":8},"end":{"line":73,"column":70}},"29":{"start":{"line":81,"column":19},"end":{"line":84,"column":2}},"30":{"start":{"line":86,"column":0},"end":{"line":98,"column":2}},"31":{"start":{"line":89,"column":43},"end":{"line":96,"column":null}},"32":{"start":{"line":90,"column":6},"end":{"line":95,"column":7}},"33":{"start":{"line":91,"column":8},"end":{"line":91,"column":38}},"34":{"start":{"line":94,"column":8},"end":{"line":94,"column":20}},"35":{"start":{"line":100,"column":19},"end":{"line":100,"column":27}},"36":{"start":{"line":101,"column":0},"end":{"line":101,"column":null}}},"fnMap":{"0":{"name":"(anonymous_8)","decl":{"start":{"line":24,"column":6},"end":{"line":24,"column":13}},"loc":{"start":{"line":24,"column":46},"end":{"line":43,"column":null}}},"1":{"name":"(anonymous_9)","decl":{"start":{"line":24,"column":46},"end":{"line":24,"column":null}},"loc":{"start":{"line":24,"column":46},"end":{"line":43,"column":7}}},"2":{"name":"(anonymous_10)","decl":{"start":{"line":56,"column":4},"end":{"line":56,"column":11}},"loc":{"start":{"line":56,"column":36},"end":{"line":75,"column":null}}},"3":{"name":"(anonymous_11)","decl":{"start":{"line":56,"column":36},"end":{"line":56,"column":null}},"loc":{"start":{"line":56,"column":36},"end":{"line":75,"column":5}}},"4":{"name":"(anonymous_12)","decl":{"start":{"line":89,"column":4},"end":{"line":89,"column":11}},"loc":{"start":{"line":89,"column":43},"end":{"line":96,"column":null}}},"5":{"name":"(anonymous_13)","decl":{"start":{"line":89,"column":43},"end":{"line":89,"column":null}},"loc":{"start":{"line":89,"column":43},"end":{"line":96,"column":5}}}},"branchMap":{"0":{"loc":{"start":{"line":60,"column":8},"end":{"line":62,"column":9}},"type":"if","locations":[{"start":{"line":60,"column":8},"end":{"line":62,"column":9}}]},"1":{"loc":{"start":{"line":66,"column":8},"end":{"line":68,"column":9}},"type":"if","locations":[{"start":{"line":66,"column":8},"end":{"line":68,"column":9}}]}},"s":{"0":1,"1":1,"2":1,"3":1,"4":1,"5":1,"6":1,"7":1,"8":1,"9":1,"10":1,"11":1,"12":1,"13":1,"14":1,"15":1,"16":1,"17":0,"18":1,"19":4,"20":4,"21":4,"22":4,"23":1,"24":3,"25":3,"26":1,"27":2,"28":0,"29":1,"30":1,"31":17,"32":17,"33":17,"34":0,"35":1,"36":1},"f":{"0":1,"1":1,"2":4,"3":4,"4":17,"5":17},"b":{"0":[1],"1":[1]}}
,"C:\\Users\\emman\\OneDrive\\Desktop\\AndelaCohort29\\MyBrand_BE\\src\\middleware\\blog.middleware.ts": {"path":"C:\\Users\\emman\\OneDrive\\Desktop\\AndelaCohort29\\MyBrand_BE\\src\\middleware\\blog.middleware.ts","statementMap":{"0":{"start":{"line":2,"column":0},"end":{"line":2,"column":47}},"1":{"start":{"line":3,"column":0},"end":{"line":3,"column":41}},"2":{"start":{"line":4,"column":0},"end":{"line":4,"column":34}},"3":{"start":{"line":5,"column":0},"end":{"line":5,"column":61}},"4":{"start":{"line":7,"column":25},"end":{"line":18,"column":null}},"5":{"start":{"line":7,"column":67},"end":{"line":18,"column":null}},"6":{"start":{"line":8,"column":20},"end":{"line":8,"column":44}},"7":{"start":{"line":9,"column":8},"end":{"line":17,"column":9}},"8":{"start":{"line":10,"column":25},"end":{"line":10,"column":36}},"9":{"start":{"line":11,"column":22},"end":{"line":11,"column":48}},"10":{"start":{"line":12,"column":29},"end":{"line":12,"column":54}},"11":{"start":{"line":13,"column":11},"end":{"line":13,"column":60}},"12":{"start":{"line":16,"column":12},"end":{"line":16,"column":null}},"13":{"start":{"line":7,"column":13},"end":{"line":7,"column":25}},"14":{"start":{"line":20,"column":25},"end":{"line":31,"column":null}},"15":{"start":{"line":20,"column":76},"end":{"line":31,"column":null}},"16":{"start":{"line":21,"column":4},"end":{"line":30,"column":5}},"17":{"start":{"line":22,"column":26},"end":{"line":22,"column":65}},"18":{"start":{"line":23,"column":8},"end":{"line":27,"column":9}},"19":{"start":{"line":24,"column":12},"end":{"line":24,"column":null}},"20":{"start":{"line":26,"column":11},"end":{"line":26,"column":null}},"21":{"start":{"line":29,"column":7},"end":{"line":29,"column":null}},"22":{"start":{"line":20,"column":13},"end":{"line":20,"column":25}},"23":{"start":{"line":33,"column":26},"end":{"line":44,"column":null}},"24":{"start":{"line":33,"column":77},"end":{"line":44,"column":null}},"25":{"start":{"line":35,"column":20},"end":{"line":35,"column":62}},"26":{"start":{"line":36,"column":4},"end":{"line":43,"column":5}},"27":{"start":{"line":37,"column":8},"end":{"line":39,"column":null}},"28":{"start":{"line":42,"column":8},"end":{"line":42,"column":null}},"29":{"start":{"line":33,"column":13},"end":{"line":33,"column":26}},"30":{"start":{"line":46,"column":29},"end":{"line":58,"column":null}},"31":{"start":{"line":46,"column":80},"end":{"line":58,"column":null}},"32":{"start":{"line":47,"column":4},"end":{"line":56,"column":5}},"33":{"start":{"line":48,"column":29},"end":{"line":48,"column":76}},"34":{"start":{"line":49,"column":8},"end":{"line":52,"column":9}},"35":{"start":{"line":50,"column":12},"end":{"line":50,"column":null}},"36":{"start":{"line":53,"column":8},"end":{"line":53,"column":null}},"37":{"start":{"line":55,"column":7},"end":{"line":55,"column":null}},"38":{"start":{"line":46,"column":13},"end":{"line":46,"column":29}},"39":{"start":{"line":60,"column":27},"end":{"line":70,"column":null}},"40":{"start":{"line":60,"column":78},"end":{"line":70,"column":null}},"41":{"start":{"line":61,"column":4},"end":{"line":69,"column":5}},"42":{"start":{"line":62,"column":29},"end":{"line":62,"column":73}},"43":{"start":{"line":63,"column":8},"end":{"line":65,"column":9}},"44":{"start":{"line":64,"column":12},"end":{"line":64,"column":null}},"45":{"start":{"line":66,"column":8},"end":{"line":66,"column":null}},"46":{"start":{"line":68,"column":7},"end":{"line":68,"column":null}},"47":{"start":{"line":60,"column":13},"end":{"line":60,"column":27}}},"fnMap":{"0":{"name":"(anonymous_8)","decl":{"start":{"line":7,"column":25},"end":{"line":7,"column":31}},"loc":{"start":{"line":7,"column":67},"end":{"line":18,"column":null}}},"1":{"name":"(anonymous_9)","decl":{"start":{"line":7,"column":67},"end":{"line":7,"column":null}},"loc":{"start":{"line":7,"column":67},"end":{"line":18,"column":1}}},"2":{"name":"(anonymous_10)","decl":{"start":{"line":20,"column":25},"end":{"line":20,"column":31}},"loc":{"start":{"line":20,"column":76},"end":{"line":31,"column":null}}},"3":{"name":"(anonymous_11)","decl":{"start":{"line":20,"column":76},"end":{"line":20,"column":null}},"loc":{"start":{"line":20,"column":76},"end":{"line":31,"column":1}}},"4":{"name":"(anonymous_12)","decl":{"start":{"line":33,"column":26},"end":{"line":33,"column":32}},"loc":{"start":{"line":33,"column":77},"end":{"line":44,"column":null}}},"5":{"name":"(anonymous_13)","decl":{"start":{"line":33,"column":77},"end":{"line":33,"column":null}},"loc":{"start":{"line":33,"column":77},"end":{"line":44,"column":1}}},"6":{"name":"(anonymous_14)","decl":{"start":{"line":46,"column":29},"end":{"line":46,"column":35}},"loc":{"start":{"line":46,"column":80},"end":{"line":58,"column":null}}},"7":{"name":"(anonymous_15)","decl":{"start":{"line":46,"column":80},"end":{"line":46,"column":null}},"loc":{"start":{"line":46,"column":80},"end":{"line":58,"column":1}}},"8":{"name":"(anonymous_16)","decl":{"start":{"line":60,"column":27},"end":{"line":60,"column":33}},"loc":{"start":{"line":60,"column":78},"end":{"line":70,"column":null}}},"9":{"name":"(anonymous_17)","decl":{"start":{"line":60,"column":78},"end":{"line":60,"column":null}},"loc":{"start":{"line":60,"column":78},"end":{"line":70,"column":1}}}},"branchMap":{"0":{"loc":{"start":{"line":9,"column":8},"end":{"line":17,"column":9}},"type":"if","locations":[{"start":{"line":9,"column":8},"end":{"line":17,"column":9}},{"start":{"line":15,"column":13},"end":{"line":17,"column":9}}]},"1":{"loc":{"start":{"line":11,"column":22},"end":{"line":11,"column":48}},"type":"cond-expr","locations":[{"start":{"line":11,"column":28},"end":{"line":11,"column":30}},{"start":{"line":11,"column":22},"end":{"line":11,"column":48}}]},"2":{"loc":{"start":{"line":11,"column":22},"end":{"line":11,"column":30}},"type":"binary-expr","locations":[{"start":{"line":11,"column":22},"end":{"line":11,"column":30}},{"start":{"line":11,"column":22},"end":{"line":11,"column":30}}]},"3":{"loc":{"start":{"line":23,"column":8},"end":{"line":27,"column":9}},"type":"if","locations":[{"start":{"line":23,"column":8},"end":{"line":27,"column":9}},{"start":{"line":25,"column":14},"end":{"line":27,"column":9}}]},"4":{"loc":{"start":{"line":36,"column":4},"end":{"line":43,"column":5}},"type":"if","locations":[{"start":{"line":36,"column":4},"end":{"line":43,"column":5}},{"start":{"line":41,"column":9},"end":{"line":43,"column":5}}]},"5":{"loc":{"start":{"line":49,"column":8},"end":{"line":52,"column":9}},"type":"if","locations":[{"start":{"line":49,"column":8},"end":{"line":52,"column":9}}]},"6":{"loc":{"start":{"line":63,"column":8},"end":{"line":65,"column":9}},"type":"if","locations":[{"start":{"line":63,"column":8},"end":{"line":65,"column":9}}]}},"s":{"0":1,"1":1,"2":1,"3":1,"4":1,"5":3,"6":3,"7":3,"8":1,"9":1,"10":1,"11":1,"12":2,"13":1,"14":1,"15":10,"16":10,"17":10,"18":9,"19":8,"20":1,"21":1,"22":1,"23":1,"24":2,"25":2,"26":2,"27":1,"28":1,"29":1,"30":1,"31":1,"32":1,"33":1,"34":1,"35":1,"36":1,"37":0,"38":1,"39":1,"40":1,"41":1,"42":1,"43":1,"44":1,"45":1,"46":0,"47":1},"f":{"0":3,"1":3,"2":10,"3":10,"4":2,"5":2,"6":1,"7":1,"8":1,"9":1},"b":{"0":[1,2],"1":[0,1],"2":[1,1],"3":[8,1],"4":[1,1],"5":[1],"6":[1]}}
,"C:\\Users\\emman\\OneDrive\\Desktop\\AndelaCohort29\\MyBrand_BE\\src\\middleware\\comment.middlewares.ts": {"path":"C:\\Users\\emman\\OneDrive\\Desktop\\AndelaCohort29\\MyBrand_BE\\src\\middleware\\comment.middlewares.ts","statementMap":{"0":{"start":{"line":2,"column":0},"end":{"line":2,"column":65}},"1":{"start":{"line":4,"column":28},"end":{"line":14,"column":1}},"2":{"start":{"line":5,"column":17},"end":{"line":5,"column":42}},"3":{"start":{"line":6,"column":4},"end":{"line":13,"column":5}},"4":{"start":{"line":7,"column":21},"end":{"line":7,"column":32}},"5":{"start":{"line":8,"column":18},"end":{"line":8,"column":44}},"6":{"start":{"line":9,"column":25},"end":{"line":9,"column":50}},"7":{"start":{"line":10,"column":8},"end":{"line":10,"column":57}},"8":{"start":{"line":12,"column":8},"end":{"line":12,"column":null}},"9":{"start":{"line":4,"column":13},"end":{"line":4,"column":28}}},"fnMap":{"0":{"name":"(anonymous_0)","decl":{"start":{"line":4,"column":28},"end":{"line":4,"column":29}},"loc":{"start":{"line":4,"column":74},"end":{"line":14,"column":1}}}},"branchMap":{"0":{"loc":{"start":{"line":6,"column":4},"end":{"line":13,"column":5}},"type":"if","locations":[{"start":{"line":6,"column":4},"end":{"line":13,"column":5}},{"start":{"line":11,"column":9},"end":{"line":13,"column":5}}]},"1":{"loc":{"start":{"line":8,"column":18},"end":{"line":8,"column":44}},"type":"cond-expr","locations":[{"start":{"line":8,"column":24},"end":{"line":8,"column":26}},{"start":{"line":8,"column":18},"end":{"line":8,"column":44}}]},"2":{"loc":{"start":{"line":8,"column":18},"end":{"line":8,"column":26}},"type":"binary-expr","locations":[{"start":{"line":8,"column":18},"end":{"line":8,"column":26}},{"start":{"line":8,"column":18},"end":{"line":8,"column":26}}]}},"s":{"0":1,"1":1,"2":2,"3":2,"4":1,"5":1,"6":1,"7":1,"8":1,"9":1},"f":{"0":2},"b":{"0":[1,1],"1":[0,1],"2":[1,1]}}
,"C:\\Users\\emman\\OneDrive\\Desktop\\AndelaCohort29\\MyBrand_BE\\src\\middleware\\querries.middlewares.ts": {"path":"C:\\Users\\emman\\OneDrive\\Desktop\\AndelaCohort29\\MyBrand_BE\\src\\middleware\\querries.middlewares.ts","statementMap":{"0":{"start":{"line":2,"column":0},"end":{"line":2,"column":69}},"1":{"start":{"line":5,"column":27},"end":{"line":17,"column":1}},"2":{"start":{"line":7,"column":17},"end":{"line":7,"column":45}},"3":{"start":{"line":8,"column":4},"end":{"line":16,"column":5}},"4":{"start":{"line":9,"column":21},"end":{"line":9,"column":32}},"5":{"start":{"line":10,"column":18},"end":{"line":10,"column":44}},"6":{"start":{"line":11,"column":25},"end":{"line":11,"column":50}},"7":{"start":{"line":12,"column":7},"end":{"line":12,"column":56}},"8":{"start":{"line":15,"column":8},"end":{"line":15,"column":null}},"9":{"start":{"line":5,"column":13},"end":{"line":5,"column":27}}},"fnMap":{"0":{"name":"(anonymous_0)","decl":{"start":{"line":5,"column":27},"end":{"line":5,"column":28}},"loc":{"start":{"line":5,"column":73},"end":{"line":17,"column":1}}}},"branchMap":{"0":{"loc":{"start":{"line":8,"column":4},"end":{"line":16,"column":5}},"type":"if","locations":[{"start":{"line":8,"column":4},"end":{"line":16,"column":5}},{"start":{"line":14,"column":9},"end":{"line":16,"column":5}}]},"1":{"loc":{"start":{"line":10,"column":18},"end":{"line":10,"column":44}},"type":"cond-expr","locations":[{"start":{"line":10,"column":24},"end":{"line":10,"column":26}},{"start":{"line":10,"column":18},"end":{"line":10,"column":44}}]},"2":{"loc":{"start":{"line":10,"column":18},"end":{"line":10,"column":26}},"type":"binary-expr","locations":[{"start":{"line":10,"column":18},"end":{"line":10,"column":26}},{"start":{"line":10,"column":18},"end":{"line":10,"column":26}}]}},"s":{"0":1,"1":1,"2":2,"3":2,"4":1,"5":1,"6":1,"7":1,"8":1,"9":1},"f":{"0":2},"b":{"0":[1,1],"1":[0,1],"2":[1,1]}}
,"C:\\Users\\emman\\OneDrive\\Desktop\\AndelaCohort29\\MyBrand_BE\\src\\middleware\\uploadImage.middlewares.ts": {"path":"C:\\Users\\emman\\OneDrive\\Desktop\\AndelaCohort29\\MyBrand_BE\\src\\middleware\\uploadImage.middlewares.ts","statementMap":{"0":{"start":{"line":5,"column":27},"end":{"line":30,"column":null}},"1":{"start":{"line":5,"column":69},"end":{"line":30,"column":null}},"2":{"start":{"line":7,"column":18},"end":{"line":7,"column":29}},"3":{"start":{"line":8,"column":18},"end":{"line":8,"column":19}},"4":{"start":{"line":9,"column":2},"end":{"line":27,"column":3}},"5":{"start":{"line":11,"column":4},"end":{"line":22,"column":5}},"6":{"start":{"line":13,"column":8},"end":{"line":17,"column":9}},"7":{"start":{"line":14,"column":12},"end":{"line":14,"column":100}},"8":{"start":{"line":16,"column":12},"end":{"line":16,"column":null}},"9":{"start":{"line":20,"column":8},"end":{"line":20,"column":96}},"10":{"start":{"line":21,"column":8},"end":{"line":21,"column":69}},"11":{"start":{"line":25,"column":4},"end":{"line":25,"column":70}},"12":{"start":{"line":5,"column":14},"end":{"line":5,"column":27}},"13":{"start":{"line":33,"column":32},"end":{"line":59,"column":null}},"14":{"start":{"line":33,"column":74},"end":{"line":59,"column":null}},"15":{"start":{"line":35,"column":18},"end":{"line":35,"column":29}},"16":{"start":{"line":36,"column":18},"end":{"line":36,"column":19}},"17":{"start":{"line":37,"column":2},"end":{"line":56,"column":3}},"18":{"start":{"line":38,"column":4},"end":{"line":38,"column":null}},"19":{"start":{"line":40,"column":4},"end":{"line":51,"column":5}},"20":{"start":{"line":42,"column":8},"end":{"line":46,"column":9}},"21":{"start":{"line":43,"column":12},"end":{"line":43,"column":100}},"22":{"start":{"line":45,"column":12},"end":{"line":45,"column":null}},"23":{"start":{"line":49,"column":8},"end":{"line":49,"column":96}},"24":{"start":{"line":50,"column":8},"end":{"line":50,"column":69}},"25":{"start":{"line":54,"column":3},"end":{"line":54,"column":null}},"26":{"start":{"line":33,"column":13},"end":{"line":33,"column":32}}},"fnMap":{"0":{"name":"(anonymous_7)","decl":{"start":{"line":5,"column":27},"end":{"line":5,"column":33}},"loc":{"start":{"line":5,"column":69},"end":{"line":30,"column":null}}},"1":{"name":"(anonymous_8)","decl":{"start":{"line":5,"column":69},"end":{"line":5,"column":null}},"loc":{"start":{"line":5,"column":69},"end":{"line":30,"column":1}}},"2":{"name":"(anonymous_9)","decl":{"start":{"line":33,"column":32},"end":{"line":33,"column":38}},"loc":{"start":{"line":33,"column":74},"end":{"line":59,"column":null}}},"3":{"name":"(anonymous_10)","decl":{"start":{"line":33,"column":74},"end":{"line":33,"column":null}},"loc":{"start":{"line":33,"column":74},"end":{"line":59,"column":1}}}},"branchMap":{"0":{"loc":{"start":{"line":9,"column":2},"end":{"line":27,"column":3}},"type":"if","locations":[{"start":{"line":9,"column":2},"end":{"line":27,"column":3}},{"start":{"line":24,"column":7},"end":{"line":27,"column":3}}]},"1":{"loc":{"start":{"line":11,"column":4},"end":{"line":22,"column":5}},"type":"if","locations":[{"start":{"line":11,"column":4},"end":{"line":22,"column":5}},{"start":{"line":19,"column":9},"end":{"line":22,"column":5}}]},"2":{"loc":{"start":{"line":11,"column":8},"end":{"line":11,"column":114}},"type":"binary-expr","locations":[{"start":{"line":11,"column":8},"end":{"line":11,"column":41}},{"start":{"line":11,"column":45},"end":{"line":11,"column":77}},{"start":{"line":11,"column":81},"end":{"line":11,"column":114}}]},"3":{"loc":{"start":{"line":13,"column":8},"end":{"line":17,"column":9}},"type":"if","locations":[{"start":{"line":13,"column":8},"end":{"line":17,"column":9}},{"start":{"line":15,"column":13},"end":{"line":17,"column":9}}]},"4":{"loc":{"start":{"line":37,"column":2},"end":{"line":56,"column":3}},"type":"if","locations":[{"start":{"line":37,"column":2},"end":{"line":56,"column":3}},{"start":{"line":53,"column":7},"end":{"line":56,"column":3}}]},"5":{"loc":{"start":{"line":40,"column":4},"end":{"line":51,"column":5}},"type":"if","locations":[{"start":{"line":40,"column":4},"end":{"line":51,"column":5}},{"start":{"line":48,"column":9},"end":{"line":51,"column":5}}]},"6":{"loc":{"start":{"line":40,"column":8},"end":{"line":40,"column":114}},"type":"binary-expr","locations":[{"start":{"line":40,"column":8},"end":{"line":40,"column":41}},{"start":{"line":40,"column":45},"end":{"line":40,"column":77}},{"start":{"line":40,"column":81},"end":{"line":40,"column":114}}]},"7":{"loc":{"start":{"line":42,"column":8},"end":{"line":46,"column":9}},"type":"if","locations":[{"start":{"line":42,"column":8},"end":{"line":46,"column":9}},{"start":{"line":44,"column":13},"end":{"line":46,"column":9}}]}},"s":{"0":1,"1":4,"2":4,"3":4,"4":4,"5":3,"6":3,"7":0,"8":3,"9":0,"10":0,"11":1,"12":1,"13":1,"14":1,"15":1,"16":1,"17":1,"18":0,"19":0,"20":0,"21":0,"22":0,"23":0,"24":0,"25":1,"26":1},"f":{"0":4,"1":4,"2":1,"3":1},"b":{"0":[3,1],"1":[3,0],"2":[3,3,3],"3":[0,3],"4":[0,1],"5":[0,0],"6":[0,0,0],"7":[0,0]}}
,"C:\\Users\\emman\\OneDrive\\Desktop\\AndelaCohort29\\MyBrand_BE\\src\\middleware\\user.middlewares.ts": {"path":"C:\\Users\\emman\\OneDrive\\Desktop\\AndelaCohort29\\MyBrand_BE\\src\\middleware\\user.middlewares.ts","statementMap":{"0":{"start":{"line":2,"column":0},"end":{"line":2,"column":38}},"1":{"start":{"line":3,"column":0},"end":{"line":3,"column":78}},"2":{"start":{"line":5,"column":0},"end":{"line":5,"column":32}},"3":{"start":{"line":8,"column":26},"end":{"line":17,"column":null}},"4":{"start":{"line":8,"column":78},"end":{"line":17,"column":null}},"5":{"start":{"line":10,"column":20},"end":{"line":10,"column":64}},"6":{"start":{"line":11,"column":4},"end":{"line":15,"column":5}},"7":{"start":{"line":12,"column":6},"end":{"line":12,"column":64}},"8":{"start":{"line":14,"column":8},"end":{"line":14,"column":null}},"9":{"start":{"line":8,"column":13},"end":{"line":8,"column":26}},"10":{"start":{"line":19,"column":29},"end":{"line":28,"column":5}},"11":{"start":{"line":20,"column":8},"end":{"line":27,"column":27}},"12":{"start":{"line":20,"column":90},"end":{"line":27,"column":10}},"13":{"start":{"line":22,"column":12},"end":{"line":24,"column":13}},"14":{"start":{"line":23,"column":15},"end":{"line":23,"column":115}},"15":{"start":{"line":25,"column":12},"end":{"line":25,"column":null}},"16":{"start":{"line":26,"column":12},"end":{"line":26,"column":null}},"17":{"start":{"line":19,"column":13},"end":{"line":19,"column":29}},"18":{"start":{"line":31,"column":21},"end":{"line":50,"column":1}},"19":{"start":{"line":32,"column":4},"end":{"line":49,"column":23}},"20":{"start":{"line":32,"column":85},"end":{"line":49,"column":6}},"21":{"start":{"line":33,"column":8},"end":{"line":35,"column":9}},"22":{"start":{"line":34,"column":10},"end":{"line":34,"column":111}},"23":{"start":{"line":36,"column":8},"end":{"line":47,"column":9}},"24":{"start":{"line":38,"column":28},"end":{"line":38,"column":67}},"25":{"start":{"line":39,"column":12},"end":{"line":39,"column":null}},"26":{"start":{"line":39,"column":26},"end":{"line":39,"column":null}},"27":{"start":{"line":40,"column":27},"end":{"line":40,"column":45}},"28":{"start":{"line":42,"column":12},"end":{"line":44,"column":13}},"29":{"start":{"line":43,"column":13},"end":{"line":43,"column":100}},"30":{"start":{"line":46,"column":12},"end":{"line":46,"column":24}},"31":{"start":{"line":48,"column":8},"end":{"line":48,"column":null}},"32":{"start":{"line":31,"column":13},"end":{"line":31,"column":21}},"33":{"start":{"line":53,"column":25},"end":{"line":63,"column":null}},"34":{"start":{"line":53,"column":76},"end":{"line":63,"column":null}},"35":{"start":{"line":54,"column":16},"end":{"line":54,"column":40}},"36":{"start":{"line":55,"column":4},"end":{"line":62,"column":5}},"37":{"start":{"line":56,"column":21},"end":{"line":56,"column":32}},"38":{"start":{"line":57,"column":18},"end":{"line":57,"column":44}},"39":{"start":{"line":58,"column":25},"end":{"line":58,"column":50}},"40":{"start":{"line":59,"column":8},"end":{"line":59,"column":51}},"41":{"start":{"line":61,"column":8},"end":{"line":61,"column":null}},"42":{"start":{"line":53,"column":13},"end":{"line":53,"column":25}},"43":{"start":{"line":65,"column":33},"end":{"line":75,"column":null}},"44":{"start":{"line":65,"column":84},"end":{"line":75,"column":null}},"45":{"start":{"line":66,"column":16},"end":{"line":66,"column":41}},"46":{"start":{"line":67,"column":4},"end":{"line":74,"column":5}},"47":{"start":{"line":68,"column":21},"end":{"line":68,"column":32}},"48":{"start":{"line":69,"column":18},"end":{"line":69,"column":44}},"49":{"start":{"line":70,"column":25},"end":{"line":70,"column":50}},"50":{"start":{"line":71,"column":8},"end":{"line":71,"column":51}},"51":{"start":{"line":73,"column":8},"end":{"line":73,"column":null}},"52":{"start":{"line":65,"column":13},"end":{"line":65,"column":33}}},"fnMap":{"0":{"name":"(anonymous_8)","decl":{"start":{"line":8,"column":26},"end":{"line":8,"column":33}},"loc":{"start":{"line":8,"column":78},"end":{"line":17,"column":null}}},"1":{"name":"(anonymous_9)","decl":{"start":{"line":8,"column":78},"end":{"line":8,"column":null}},"loc":{"start":{"line":8,"column":78},"end":{"line":17,"column":1}}},"2":{"name":"(anonymous_10)","decl":{"start":{"line":19,"column":29},"end":{"line":19,"column":30}},"loc":{"start":{"line":19,"column":71},"end":{"line":28,"column":5}}},"3":{"name":"(anonymous_11)","decl":{"start":{"line":20,"column":58},"end":{"line":20,"column":65}},"loc":{"start":{"line":20,"column":90},"end":{"line":27,"column":10}}},"4":{"name":"(anonymous_12)","decl":{"start":{"line":20,"column":90},"end":{"line":20,"column":null}},"loc":{"start":{"line":20,"column":90},"end":{"line":27,"column":9}}},"5":{"name":"(anonymous_13)","decl":{"start":{"line":31,"column":21},"end":{"line":31,"column":22}},"loc":{"start":{"line":31,"column":63},"end":{"line":50,"column":1}}},"6":{"name":"(anonymous_14)","decl":{"start":{"line":32,"column":54},"end":{"line":32,"column":61}},"loc":{"start":{"line":32,"column":85},"end":{"line":49,"column":6}}},"7":{"name":"(anonymous_15)","decl":{"start":{"line":32,"column":85},"end":{"line":32,"column":null}},"loc":{"start":{"line":32,"column":85},"end":{"line":49,"column":5}}},"8":{"name":"(anonymous_16)","decl":{"start":{"line":53,"column":25},"end":{"line":53,"column":31}},"loc":{"start":{"line":53,"column":76},"end":{"line":63,"column":null}}},"9":{"name":"(anonymous_17)","decl":{"start":{"line":53,"column":76},"end":{"line":53,"column":null}},"loc":{"start":{"line":53,"column":76},"end":{"line":63,"column":1}}},"10":{"name":"(anonymous_18)","decl":{"start":{"line":65,"column":33},"end":{"line":65,"column":39}},"loc":{"start":{"line":65,"column":84},"end":{"line":75,"column":null}}},"11":{"name":"(anonymous_19)","decl":{"start":{"line":65,"column":84},"end":{"line":65,"column":null}},"loc":{"start":{"line":65,"column":84},"end":{"line":75,"column":1}}}},"branchMap":{"0":{"loc":{"start":{"line":11,"column":4},"end":{"line":15,"column":5}},"type":"if","locations":[{"start":{"line":11,"column":4},"end":{"line":15,"column":5}},{"start":{"line":13,"column":9},"end":{"line":15,"column":5}}]},"1":{"loc":{"start":{"line":22,"column":12},"end":{"line":24,"column":13}},"type":"if","locations":[{"start":{"line":22,"column":12},"end":{"line":24,"column":13}}]},"2":{"loc":{"start":{"line":22,"column":16},"end":{"line":22,"column":31}},"type":"binary-expr","locations":[{"start":{"line":22,"column":16},"end":{"line":22,"column":21}},{"start":{"line":22,"column":25},"end":{"line":22,"column":31}}]},"3":{"loc":{"start":{"line":33,"column":8},"end":{"line":35,"column":9}},"type":"if","locations":[{"start":{"line":33,"column":8},"end":{"line":35,"column":9}}]},"4":{"loc":{"start":{"line":33,"column":12},"end":{"line":33,"column":26}},"type":"binary-expr","locations":[{"start":{"line":33,"column":12},"end":{"line":33,"column":17}},{"start":{"line":33,"column":21},"end":{"line":33,"column":26}}]},"5":{"loc":{"start":{"line":39,"column":12},"end":{"line":39,"column":null}},"type":"if","locations":[{"start":{"line":39,"column":12},"end":{"line":39,"column":null}}]},"6":{"loc":{"start":{"line":42,"column":12},"end":{"line":44,"column":13}},"type":"if","locations":[{"start":{"line":42,"column":12},"end":{"line":44,"column":13}}]},"7":{"loc":{"start":{"line":55,"column":4},"end":{"line":62,"column":5}},"type":"if","locations":[{"start":{"line":55,"column":4},"end":{"line":62,"column":5}},{"start":{"line":60,"column":9},"end":{"line":62,"column":5}}]},"8":{"loc":{"start":{"line":57,"column":18},"end":{"line":57,"column":44}},"type":"cond-expr","locations":[{"start":{"line":57,"column":24},"end":{"line":57,"column":26}},{"start":{"line":57,"column":18},"end":{"line":57,"column":44}}]},"9":{"loc":{"start":{"line":57,"column":18},"end":{"line":57,"column":26}},"type":"binary-expr","locations":[{"start":{"line":57,"column":18},"end":{"line":57,"column":26}},{"start":{"line":57,"column":18},"end":{"line":57,"column":26}}]},"10":{"loc":{"start":{"line":67,"column":4},"end":{"line":74,"column":5}},"type":"if","locations":[{"start":{"line":67,"column":4},"end":{"line":74,"column":5}},{"start":{"line":72,"column":9},"end":{"line":74,"column":5}}]},"11":{"loc":{"start":{"line":69,"column":18},"end":{"line":69,"column":44}},"type":"cond-expr","locations":[{"start":{"line":69,"column":24},"end":{"line":69,"column":26}},{"start":{"line":69,"column":18},"end":{"line":69,"column":44}}]},"12":{"loc":{"start":{"line":69,"column":18},"end":{"line":69,"column":26}},"type":"binary-expr","locations":[{"start":{"line":69,"column":18},"end":{"line":69,"column":26}},{"start":{"line":69,"column":18},"end":{"line":69,"column":26}}]}},"s":{"0":1,"1":1,"2":1,"3":1,"4":2,"5":2,"6":2,"7":1,"8":1,"9":1,"10":1,"11":5,"12":5,"13":5,"14":1,"15":4,"16":4,"17":1,"18":1,"19":17,"20":17,"21":17,"22":4,"23":13,"24":13,"25":13,"26":0,"27":13,"28":13,"29":1,"30":0,"31":12,"32":1,"33":1,"34":3,"35":3,"36":3,"37":1,"38":1,"39":1,"40":1,"41":2,"42":1,"43":1,"44":6,"45":6,"46":6,"47":2,"48":2,"49":2,"50":2,"51":4,"52":1},"f":{"0":2,"1":2,"2":5,"3":5,"4":5,"5":17,"6":17,"7":17,"8":3,"9":3,"10":6,"11":6},"b":{"0":[1,1],"1":[1],"2":[5,5],"3":[4],"4":[17,17],"5":[0],"6":[1],"7":[1,2],"8":[0,1],"9":[1,1],"10":[2,4],"11":[0,2],"12":[2,2]}}
,"C:\\Users\\emman\\OneDrive\\Desktop\\AndelaCohort29\\MyBrand_BE\\src\\models\\blog.ts": {"path":"C:\\Users\\emman\\OneDrive\\Desktop\\AndelaCohort29\\MyBrand_BE\\src\\models\\blog.ts","statementMap":{"0":{"start":{"line":1,"column":0},"end":{"line":1,"column":31}},"1":{"start":{"line":4,"column":19},"end":{"line":10,"column":29}},"2":{"start":{"line":12,"column":4},"end":{"line":12,"column":null}}},"fnMap":{},"branchMap":{},"s":{"0":1,"1":1,"2":1},"f":{},"b":{}}
,"C:\\Users\\emman\\OneDrive\\Desktop\\AndelaCohort29\\MyBrand_BE\\src\\models\\blogComment.ts": {"path":"C:\\Users\\emman\\OneDrive\\Desktop\\AndelaCohort29\\MyBrand_BE\\src\\models\\blogComment.ts","statementMap":{"0":{"start":{"line":2,"column":0},"end":{"line":2,"column":34}},"1":{"start":{"line":3,"column":0},"end":{"line":3,"column":31}},"2":{"start":{"line":4,"column":18},"end":{"line":16,"column":null}},"3":{"start":{"line":19,"column":0},"end":{"line":19,"column":null}}},"fnMap":{},"branchMap":{},"s":{"0":1,"1":1,"2":1,"3":1},"f":{},"b":{}}
,"C:\\Users\\emman\\OneDrive\\Desktop\\AndelaCohort29\\MyBrand_BE\\src\\models\\blogLike.ts": {"path":"C:\\Users\\emman\\OneDrive\\Desktop\\AndelaCohort29\\MyBrand_BE\\src\\models\\blogLike.ts","statementMap":{"0":{"start":{"line":1,"column":0},"end":{"line":1,"column":34}},"1":{"start":{"line":2,"column":0},"end":{"line":2,"column":31}},"2":{"start":{"line":5,"column":15},"end":{"line":12,"column":null}},"3":{"start":{"line":15,"column":0},"end":{"line":15,"column":null}}},"fnMap":{},"branchMap":{},"s":{"0":1,"1":1,"2":1,"3":1},"f":{},"b":{}}
,"C:\\Users\\emman\\OneDrive\\Desktop\\AndelaCohort29\\MyBrand_BE\\src\\models\\querries.ts": {"path":"C:\\Users\\emman\\OneDrive\\Desktop\\AndelaCohort29\\MyBrand_BE\\src\\models\\querries.ts","statementMap":{"0":{"start":{"line":1,"column":0},"end":{"line":1,"column":32}},"1":{"start":{"line":3,"column":15},"end":{"line":31,"column":2}},"2":{"start":{"line":33,"column":0},"end":{"line":33,"column":null}}},"fnMap":{},"branchMap":{},"s":{"0":1,"1":1,"2":1},"f":{},"b":{}}
,"C:\\Users\\emman\\OneDrive\\Desktop\\AndelaCohort29\\MyBrand_BE\\src\\models\\userAuth.ts": {"path":"C:\\Users\\emman\\OneDrive\\Desktop\\AndelaCohort29\\MyBrand_BE\\src\\models\\userAuth.ts","statementMap":{"0":{"start":{"line":1,"column":0},"end":{"line":1,"column":32}},"1":{"start":{"line":7,"column":17},"end":{"line":28,"column":null}},"2":{"start":{"line":32,"column":0},"end":{"line":32,"column":null}}},"fnMap":{},"branchMap":{},"s":{"0":1,"1":1,"2":1},"f":{},"b":{}}
,"C:\\Users\\emman\\OneDrive\\Desktop\\AndelaCohort29\\MyBrand_BE\\src\\routers\\authRoutes.ts": {"path":"C:\\Users\\emman\\OneDrive\\Desktop\\AndelaCohort29\\MyBrand_BE\\src\\routers\\authRoutes.ts","statementMap":{"0":{"start":{"line":1,"column":0},"end":{"line":1,"column":66}},"1":{"start":{"line":2,"column":0},"end":{"line":2,"column":32}},"2":{"start":{"line":3,"column":0},"end":{"line":3,"column":54}},"3":{"start":{"line":4,"column":0},"end":{"line":4,"column":56}},"4":{"start":{"line":5,"column":0},"end":{"line":5,"column":111}},"5":{"start":{"line":6,"column":0},"end":{"line":6,"column":61}},"6":{"start":{"line":7,"column":17},"end":{"line":7,"column":25}},"7":{"start":{"line":9,"column":0},"end":{"line":9,"column":null}},"8":{"start":{"line":11,"column":2},"end":{"line":11,"column":null}},"9":{"start":{"line":12,"column":2},"end":{"line":12,"column":null}},"10":{"start":{"line":14,"column":2},"end":{"line":14,"column":null}}},"fnMap":{},"branchMap":{},"s":{"0":1,"1":1,"2":1,"3":1,"4":1,"5":1,"6":1,"7":1,"8":1,"9":1,"10":1},"f":{},"b":{}}
,"C:\\Users\\emman\\OneDrive\\Desktop\\AndelaCohort29\\MyBrand_BE\\src\\routers\\blogsRoute.ts": {"path":"C:\\Users\\emman\\OneDrive\\Desktop\\AndelaCohort29\\MyBrand_BE\\src\\routers\\blogsRoute.ts","statementMap":{"0":{"start":{"line":2,"column":0},"end":{"line":2,"column":30}},"1":{"start":{"line":4,"column":0},"end":{"line":4,"column":43}},"2":{"start":{"line":6,"column":0},"end":{"line":6,"column":72}},"3":{"start":{"line":9,"column":0},"end":{"line":9,"column":null}},"4":{"start":{"line":16,"column":0},"end":{"line":16,"column":null}},"5":{"start":{"line":21,"column":0},"end":{"line":21,"column":null}},"6":{"start":{"line":25,"column":0},"end":{"line":25,"column":null}},"7":{"start":{"line":28,"column":0},"end":{"line":28,"column":null}},"8":{"start":{"line":33,"column":0},"end":{"line":33,"column":67}},"9":{"start":{"line":34,"column":0},"end":{"line":34,"column":67}},"10":{"start":{"line":35,"column":0},"end":{"line":35,"column":89}},"11":{"start":{"line":38,"column":17},"end":{"line":38,"column":25}},"12":{"start":{"line":39,"column":13},"end":{"line":39,"column":24}},"13":{"start":{"line":43,"column":0},"end":{"line":43,"column":null}},"14":{"start":{"line":45,"column":0},"end":{"line":45,"column":null}},"15":{"start":{"line":47,"column":0},"end":{"line":47,"column":null}},"16":{"start":{"line":49,"column":0},"end":{"line":49,"column":null}},"17":{"start":{"line":50,"column":0},"end":{"line":50,"column":null}},"18":{"start":{"line":54,"column":0},"end":{"line":54,"column":null}},"19":{"start":{"line":55,"column":0},"end":{"line":55,"column":null}},"20":{"start":{"line":56,"column":0},"end":{"line":56,"column":null}},"21":{"start":{"line":57,"column":0},"end":{"line":57,"column":null}},"22":{"start":{"line":61,"column":0},"end":{"line":61,"column":null}},"23":{"start":{"line":62,"column":0},"end":{"line":62,"column":null}},"24":{"start":{"line":63,"column":0},"end":{"line":63,"column":null}},"25":{"start":{"line":66,"column":0},"end":{"line":66,"column":null}},"26":{"start":{"line":67,"column":0},"end":{"line":67,"column":null}},"27":{"start":{"line":72,"column":0},"end":{"line":72,"column":null}}},"fnMap":{},"branchMap":{},"s":{"0":1,"1":1,"2":1,"3":1,"4":1,"5":1,"6":1,"7":1,"8":1,"9":1,"10":1,"11":1,"12":1,"13":1,"14":1,"15":1,"16":1,"17":1,"18":1,"19":1,"20":1,"21":1,"22":1,"23":1,"24":1,"25":1,"26":1,"27":1},"f":{},"b":{}}
,"C:\\Users\\emman\\OneDrive\\Desktop\\AndelaCohort29\\MyBrand_BE\\src\\utils\\cloudinary.ts": {"path":"C:\\Users\\emman\\OneDrive\\Desktop\\AndelaCohort29\\MyBrand_BE\\src\\utils\\cloudinary.ts","statementMap":{"0":{"start":{"line":1,"column":0},"end":{"line":1,"column":27}},"1":{"start":{"line":2,"column":1},"end":{"line":2,"column":45}},"2":{"start":{"line":3,"column":1},"end":{"line":3,"column":17}},"3":{"start":{"line":4,"column":0},"end":{"line":8,"column":3}},"4":{"start":{"line":9,"column":0},"end":{"line":9,"column":null}}},"fnMap":{},"branchMap":{},"s":{"0":1,"1":1,"2":1,"3":1,"4":1},"f":{},"b":{}}
,"C:\\Users\\emman\\OneDrive\\Desktop\\AndelaCohort29\\MyBrand_BE\\src\\utils\\multer.ts": {"path":"C:\\Users\\emman\\OneDrive\\Desktop\\AndelaCohort29\\MyBrand_BE\\src\\utils\\multer.ts","statementMap":{"0":{"start":{"line":1,"column":0},"end":{"line":1,"column":39}},"1":{"start":{"line":5,"column":14},"end":{"line":5,"column":25}},"2":{"start":{"line":7,"column":15},"end":{"line":7,"column":37}},"3":{"start":{"line":9,"column":17},"end":{"line":25,"column":1}},"4":{"start":{"line":11,"column":2},"end":{"line":24,"column":3}},"5":{"start":{"line":12,"column":21},"end":{"line":12,"column":60}},"6":{"start":{"line":14,"column":4},"end":{"line":17,"column":5}},"7":{"start":{"line":15,"column":6},"end":{"line":15,"column":83}},"8":{"start":{"line":16,"column":6},"end":{"line":16,"column":48}},"9":{"start":{"line":18,"column":4},"end":{"line":18,"column":19}},"10":{"start":{"line":20,"column":4},"end":{"line":20,"column":74}},"11":{"start":{"line":21,"column":3},"end":{"line":21,"column":45}},"12":{"start":{"line":27,"column":15},"end":{"line":27,"column":41}},"13":{"start":{"line":29,"column":18},"end":{"line":29,"column":24}},"14":{"start":{"line":30,"column":0},"end":{"line":30,"column":null}}},"fnMap":{"0":{"name":"(anonymous_1)","decl":{"start":{"line":9,"column":17},"end":{"line":9,"column":18}},"loc":{"start":{"line":9,"column":63},"end":{"line":25,"column":1}}}},"branchMap":{"0":{"loc":{"start":{"line":11,"column":2},"end":{"line":24,"column":3}},"type":"if","locations":[{"start":{"line":11,"column":2},"end":{"line":24,"column":3}},{"start":{"line":19,"column":9},"end":{"line":24,"column":3}}]},"1":{"loc":{"start":{"line":11,"column":6},"end":{"line":11,"column":99}},"type":"binary-expr","locations":[{"start":{"line":11,"column":6},"end":{"line":11,"column":34}},{"start":{"line":11,"column":38},"end":{"line":11,"column":66}},{"start":{"line":11,"column":70},"end":{"line":11,"column":99}}]},"2":{"loc":{"start":{"line":14,"column":4},"end":{"line":17,"column":5}},"type":"if","locations":[{"start":{"line":14,"column":4},"end":{"line":17,"column":5}}]}},"s":{"0":1,"1":1,"2":1,"3":1,"4":0,"5":0,"6":0,"7":0,"8":0,"9":0,"10":0,"11":0,"12":1,"13":1,"14":1},"f":{"0":0},"b":{"0":[0,0],"1":[0,0,0],"2":[0]}}
,"C:\\Users\\emman\\OneDrive\\Desktop\\AndelaCohort29\\MyBrand_BE\\src\\validation\\blog.validation.ts": {"path":"C:\\Users\\emman\\OneDrive\\Desktop\\AndelaCohort29\\MyBrand_BE\\src\\validation\\blog.validation.ts","statementMap":{"0":{"start":{"line":1,"column":0},"end":{"line":1,"column":22}},"1":{"start":{"line":5,"column":28},"end":{"line":13,"column":1}},"2":{"start":{"line":7,"column":32},"end":{"line":11,"column":6}},"3":{"start":{"line":12,"column":4},"end":{"line":12,"column":null}},"4":{"start":{"line":5,"column":13},"end":{"line":5,"column":28}}},"fnMap":{"0":{"name":"(anonymous_1)","decl":{"start":{"line":5,"column":28},"end":{"line":5,"column":29}},"loc":{"start":{"line":5,"column":45},"end":{"line":13,"column":1}}}},"branchMap":{},"s":{"0":1,"1":1,"2":3,"3":3,"4":1},"f":{"0":3},"b":{}}
,"C:\\Users\\emman\\OneDrive\\Desktop\\AndelaCohort29\\MyBrand_BE\\src\\validation\\comment.validation.ts": {"path":"C:\\Users\\emman\\OneDrive\\Desktop\\AndelaCohort29\\MyBrand_BE\\src\\validation\\comment.validation.ts","statementMap":{"0":{"start":{"line":1,"column":0},"end":{"line":1,"column":22}},"1":{"start":{"line":4,"column":29},"end":{"line":9,"column":1}},"2":{"start":{"line":5,"column":26},"end":{"line":7,"column":6}},"3":{"start":{"line":8,"column":4},"end":{"line":8,"column":null}},"4":{"start":{"line":4,"column":13},"end":{"line":4,"column":29}}},"fnMap":{"0":{"name":"(anonymous_1)","decl":{"start":{"line":4,"column":29},"end":{"line":4,"column":30}},"loc":{"start":{"line":4,"column":48},"end":{"line":9,"column":1}}}},"branchMap":{},"s":{"0":1,"1":1,"2":2,"3":2,"4":1},"f":{"0":2},"b":{}}
,"C:\\Users\\emman\\OneDrive\\Desktop\\AndelaCohort29\\MyBrand_BE\\src\\validation\\querries.validation.ts": {"path":"C:\\Users\\emman\\OneDrive\\Desktop\\AndelaCohort29\\MyBrand_BE\\src\\validation\\querries.validation.ts","statementMap":{"0":{"start":{"line":1,"column":0},"end":{"line":1,"column":22}},"1":{"start":{"line":4,"column":32},"end":{"line":28,"column":1}},"2":{"start":{"line":6,"column":26},"end":{"line":25,"column":6}},"3":{"start":{"line":27,"column":4},"end":{"line":27,"column":null}},"4":{"start":{"line":4,"column":13},"end":{"line":4,"column":32}}},"fnMap":{"0":{"name":"(anonymous_1)","decl":{"start":{"line":4,"column":32},"end":{"line":4,"column":33}},"loc":{"start":{"line":4,"column":51},"end":{"line":28,"column":1}}}},"branchMap":{},"s":{"0":1,"1":1,"2":2,"3":2,"4":1},"f":{"0":2},"b":{}}
,"C:\\Users\\emman\\OneDrive\\Desktop\\AndelaCohort29\\MyBrand_BE\\src\\validation\\user.validation.ts": {"path":"C:\\Users\\emman\\OneDrive\\Desktop\\AndelaCohort29\\MyBrand_BE\\src\\validation\\user.validation.ts","statementMap":{"0":{"start":{"line":1,"column":0},"end":{"line":1,"column":22}},"1":{"start":{"line":4,"column":28},"end":{"line":18,"column":1}},"2":{"start":{"line":5,"column":31},"end":{"line":15,"column":6}},"3":{"start":{"line":17,"column":4},"end":{"line":17,"column":null}},"4":{"start":{"line":4,"column":13},"end":{"line":4,"column":28}},"5":{"start":{"line":20,"column":29},"end":{"line":27,"column":1}},"6":{"start":{"line":21,"column":31},"end":{"line":24,"column":6}},"7":{"start":{"line":26,"column":4},"end":{"line":26,"column":null}},"8":{"start":{"line":20,"column":13},"end":{"line":20,"column":29}}},"fnMap":{"0":{"name":"(anonymous_1)","decl":{"start":{"line":4,"column":28},"end":{"line":4,"column":29}},"loc":{"start":{"line":4,"column":60},"end":{"line":18,"column":1}}},"1":{"name":"(anonymous_2)","decl":{"start":{"line":20,"column":29},"end":{"line":20,"column":30}},"loc":{"start":{"line":20,"column":61},"end":{"line":27,"column":1}}}},"branchMap":{},"s":{"0":1,"1":1,"2":3,"3":3,"4":1,"5":1,"6":6,"7":6,"8":1},"f":{"0":3,"1":6},"b":{}}
}
