TN:
SF:src\index.ts
FN:22,(anonymous_7)
FNF:1
FNH:1
FNDA:2,(anonymous_7)
DA:2,1
DA:3,1
DA:4,1
DA:5,1
DA:6,1
DA:7,1
DA:8,1
DA:9,1
DA:12,1
DA:14,1
DA:15,1
DA:16,1
DA:17,1
DA:18,1
DA:19,1
DA:21,1
DA:22,1
DA:23,2
DA:27,1
LF:19
LH:19
BRF:0
BRH:0
end_of_record
TN:
SF:src\controllers\blogsComment.ts
FN:5,(anonymous_8)
FN:5,(anonymous_9)
FN:24,(anonymous_10)
FN:24,(anonymous_11)
FN:33,(anonymous_12)
FN:33,(anonymous_13)
FN:48,(anonymous_14)
FN:48,(anonymous_15)
FNF:8
FNH:8
FNDA:1,(anonymous_8)
FNDA:1,(anonymous_9)
FNDA:1,(anonymous_10)
FNDA:1,(anonymous_11)
FNDA:3,(anonymous_12)
FNDA:3,(anonymous_13)
FNDA:3,(anonymous_14)
FNDA:3,(anonymous_15)
DA:2,1
DA:5,1
DA:7,1
DA:8,1
DA:10,1
DA:16,1
DA:17,1
DA:20,0
DA:24,1
DA:25,1
DA:26,1
DA:27,1
DA:29,0
DA:33,3
DA:34,3
DA:35,3
DA:36,2
DA:37,1
DA:39,1
DA:43,1
DA:48,3
DA:49,3
DA:50,3
DA:51,2
DA:52,1
DA:53,1
DA:55,1
DA:59,1
DA:63,1
LF:29
LH:27
BRDA:36,0,0,1
BRDA:36,0,1,1
BRDA:51,1,0,1
BRDA:51,1,1,1
BRF:4
BRH:4
end_of_record
TN:
SF:src\controllers\blogsController.ts
FN:8,(anonymous_8)
FN:8,(anonymous_9)
FN:33,(anonymous_10)
FN:33,(anonymous_11)
FN:36,(anonymous_12)
FN:36,(anonymous_13)
FN:50,(anonymous_14)
FN:50,(anonymous_15)
FN:60,(anonymous_16)
FN:60,(anonymous_17)
FN:110,(anonymous_18)
FN:110,(anonymous_19)
FNF:12
FNH:12
FNDA:1,(anonymous_8)
FNDA:1,(anonymous_9)
FNDA:1,(anonymous_10)
FNDA:1,(anonymous_11)
FNDA:33,(anonymous_12)
FNDA:33,(anonymous_13)
FNDA:1,(anonymous_14)
FNDA:1,(anonymous_15)
FNDA:1,(anonymous_16)
FNDA:1,(anonymous_17)
FNDA:1,(anonymous_18)
FNDA:1,(anonymous_19)
DA:1,1
DA:2,1
DA:6,1
DA:7,1
DA:8,1
DA:11,1
DA:12,1
DA:13,1
DA:14,1
DA:16,0
DA:19,1
DA:25,1
DA:27,1
DA:28,1
DA:33,1
DA:34,1
DA:35,1
DA:36,33
DA:37,33
DA:38,33
DA:39,33
DA:47,1
DA:50,1
DA:51,1
DA:52,1
DA:53,1
DA:55,0
DA:60,1
DA:61,1
DA:63,1
DA:65,1
DA:67,1
DA:68,0
DA:69,0
DA:72,1
DA:74,1
DA:75,1
DA:76,0
DA:78,1
DA:81,1
DA:82,1
DA:83,0
DA:85,1
DA:87,1
DA:88,1
DA:89,0
DA:91,1
DA:94,1
DA:95,0
DA:97,1
DA:98,1
DA:105,0
DA:110,1
DA:111,1
DA:113,1
DA:114,1
DA:117,0
DA:123,1
LF:58
LH:48
BRDA:12,0,0,1
BRDA:12,0,1,0
BRDA:65,1,0,1
BRDA:67,2,0,0
BRDA:74,3,0,1
BRDA:75,4,0,0
BRDA:75,5,0,1
BRDA:75,5,1,1
BRDA:81,6,0,1
BRDA:82,7,0,0
BRDA:82,8,0,1
BRDA:82,8,1,1
BRDA:87,9,0,1
BRDA:88,10,0,0
BRDA:94,11,0,0
BRDA:94,11,1,1
BRF:16
BRH:10
end_of_record
TN:
SF:src\controllers\blogsLikeController.ts
FN:7,(anonymous_8)
FN:7,(anonymous_9)
FN:49,(anonymous_10)
FN:49,(anonymous_11)
FNF:4
FNH:4
FNDA:2,(anonymous_8)
FNDA:2,(anonymous_9)
FNDA:1,(anonymous_10)
FNDA:1,(anonymous_11)
DA:1,1
DA:7,2
DA:8,2
DA:9,2
DA:10,2
DA:11,2
DA:12,2
DA:15,2
DA:16,1
DA:17,1
DA:18,1
DA:19,1
DA:21,1
DA:28,1
DA:34,1
DA:35,1
DA:37,1
DA:49,1
DA:50,1
DA:51,1
DA:52,1
DA:58,1
LF:22
LH:22
BRDA:8,0,0,2
BRDA:15,1,0,1
BRDA:15,1,1,1
BRF:3
BRH:3
end_of_record
TN:
SF:src\controllers\querriesController.ts
FN:5,(anonymous_8)
FN:5,(anonymous_9)
FN:28,(anonymous_10)
FN:28,(anonymous_11)
FN:38,(anonymous_12)
FN:38,(anonymous_13)
FNF:6
FNH:6
FNDA:1,(anonymous_8)
FNDA:1,(anonymous_9)
FNDA:1,(anonymous_10)
FNDA:1,(anonymous_11)
FNDA:2,(anonymous_12)
FNDA:2,(anonymous_13)
DA:2,1
DA:5,1
DA:6,1
DA:8,1
DA:14,1
DA:20,1
DA:21,1
DA:24,0
DA:28,1
DA:29,1
DA:30,1
DA:31,1
DA:33,0
DA:38,2
DA:39,2
DA:40,2
DA:41,1
DA:42,1
DA:43,1
DA:45,0
DA:49,1
DA:53,1
LF:22
LH:19
BRDA:30,0,0,1
BRDA:30,0,1,0
BRDA:41,1,0,1
BRDA:41,1,1,0
BRF:4
BRH:2
end_of_record
TN:
SF:src\controllers\auth\login.ts
FN:7,(anonymous_8)
FN:11,(anonymous_9)
FN:11,(anonymous_10)
FN:22,(anonymous_11)
FN:22,(anonymous_12)
FNF:5
FNH:5
FNDA:4,(anonymous_8)
FNDA:4,(anonymous_9)
FNDA:4,(anonymous_10)
FNDA:2,(anonymous_11)
FNDA:2,(anonymous_12)
DA:2,1
DA:3,1
DA:7,1
DA:9,4
DA:11,4
DA:12,4
DA:13,4
DA:14,2
DA:15,2
DA:16,2
DA:19,2
DA:22,2
DA:23,2
DA:24,0
DA:26,2
DA:27,2
DA:29,2
DA:33,0
LF:18
LH:16
BRDA:13,0,0,2
BRDA:13,1,0,4
BRDA:13,1,1,4
BRDA:23,2,0,0
BRF:4
BRH:3
end_of_record
TN:
SF:src\controllers\auth\signup.ts
FN:5,(anonymous_8)
FN:5,(anonymous_9)
FNF:2
FNH:2
FNDA:1,(anonymous_8)
FNDA:1,(anonymous_9)
DA:2,1
DA:5,1
DA:8,1
DA:9,1
DA:10,1
DA:11,1
DA:13,1
DA:19,0
LF:8
LH:7
BRDA:8,0,0,1
BRDA:8,0,1,0
BRF:2
BRH:1
end_of_record
TN:
SF:src\controllers\auth\verifyUser.ts
FN:7,(anonymous_8)
FN:7,(anonymous_9)
FNF:2
FNH:0
FNDA:0,(anonymous_8)
FNDA:0,(anonymous_9)
DA:5,1
DA:7,1
DA:9,0
DA:10,0
DA:11,0
DA:12,0
DA:13,0
DA:14,0
DA:17,0
LF:9
LH:2
BRDA:13,0,0,0
BRF:1
BRH:0
end_of_record
TN:
SF:src\middleware\auth.passport.ts
FN:24,(anonymous_8)
FN:24,(anonymous_9)
FN:56,(anonymous_10)
FN:56,(anonymous_11)
FN:89,(anonymous_12)
FN:89,(anonymous_13)
FNF:6
FNH:6
FNDA:1,(anonymous_8)
FNDA:1,(anonymous_9)
FNDA:4,(anonymous_10)
FNDA:4,(anonymous_11)
FNDA:17,(anonymous_12)
FNDA:17,(anonymous_13)
DA:1,1
DA:2,1
DA:3,1
DA:4,1
DA:5,1
DA:10,1
DA:11,1
DA:13,1
DA:16,1
DA:24,1
DA:25,1
DA:28,1
DA:29,1
DA:31,1
DA:32,1
DA:38,1
DA:39,1
DA:41,0
DA:49,1
DA:56,4
DA:57,4
DA:58,4
DA:60,4
DA:61,1
DA:64,3
DA:66,3
DA:67,1
DA:70,2
DA:73,0
DA:81,1
DA:86,1
DA:89,17
DA:90,17
DA:91,17
DA:94,0
DA:100,1
DA:101,1
LF:37
LH:34
BRDA:60,0,0,1
BRDA:66,1,0,1
BRF:2
BRH:2
end_of_record
TN:
SF:src\middleware\blog.middleware.ts
FN:7,(anonymous_8)
FN:7,(anonymous_9)
FN:20,(anonymous_10)
FN:20,(anonymous_11)
FN:33,(anonymous_12)
FN:33,(anonymous_13)
FN:46,(anonymous_14)
FN:46,(anonymous_15)
FN:60,(anonymous_16)
FN:60,(anonymous_17)
FNF:10
FNH:10
FNDA:3,(anonymous_8)
FNDA:3,(anonymous_9)
FNDA:10,(anonymous_10)
FNDA:10,(anonymous_11)
FNDA:2,(anonymous_12)
FNDA:2,(anonymous_13)
FNDA:1,(anonymous_14)
FNDA:1,(anonymous_15)
FNDA:1,(anonymous_16)
FNDA:1,(anonymous_17)
DA:2,1
DA:3,1
DA:4,1
DA:5,1
DA:7,3
DA:8,3
DA:9,3
DA:10,1
DA:11,1
DA:12,1
DA:13,1
DA:16,2
DA:20,10
DA:21,10
DA:22,10
DA:23,9
DA:24,8
DA:26,1
DA:29,1
DA:33,2
DA:35,2
DA:36,2
DA:37,1
DA:42,1
DA:46,1
DA:47,1
DA:48,1
DA:49,1
DA:50,1
DA:53,1
DA:55,0
DA:60,1
DA:61,1
DA:62,1
DA:63,1
DA:64,1
DA:66,1
DA:68,0
LF:38
LH:36
BRDA:9,0,0,1
BRDA:9,0,1,2
BRDA:11,1,0,0
BRDA:11,1,1,1
BRDA:11,2,0,1
BRDA:11,2,1,1
BRDA:23,3,0,8
BRDA:23,3,1,1
BRDA:36,4,0,1
BRDA:36,4,1,1
BRDA:49,5,0,1
BRDA:63,6,0,1
BRF:12
BRH:11
end_of_record
TN:
SF:src\middleware\comment.middlewares.ts
FN:4,(anonymous_0)
FNF:1
FNH:1
FNDA:2,(anonymous_0)
DA:2,1
DA:4,1
DA:5,2
DA:6,2
DA:7,1
DA:8,1
DA:9,1
DA:10,1
DA:12,1
LF:9
LH:9
BRDA:6,0,0,1
BRDA:6,0,1,1
BRDA:8,1,0,0
BRDA:8,1,1,1
BRDA:8,2,0,1
BRDA:8,2,1,1
BRF:6
BRH:5
end_of_record
TN:
SF:src\middleware\querries.middlewares.ts
FN:5,(anonymous_0)
FNF:1
FNH:1
FNDA:2,(anonymous_0)
DA:2,1
DA:5,1
DA:7,2
DA:8,2
DA:9,1
DA:10,1
DA:11,1
DA:12,1
DA:15,1
LF:9
LH:9
BRDA:8,0,0,1
BRDA:8,0,1,1
BRDA:10,1,0,0
BRDA:10,1,1,1
BRDA:10,2,0,1
BRDA:10,2,1,1
BRF:6
BRH:5
end_of_record
TN:
SF:src\middleware\uploadImage.middlewares.ts
FN:5,(anonymous_7)
FN:5,(anonymous_8)
FN:33,(anonymous_9)
FN:33,(anonymous_10)
FNF:4
FNH:4
FNDA:4,(anonymous_7)
FNDA:4,(anonymous_8)
FNDA:1,(anonymous_9)
FNDA:1,(anonymous_10)
DA:5,4
DA:7,4
DA:8,4
DA:9,4
DA:11,3
DA:13,3
DA:14,0
DA:16,3
DA:20,0
DA:21,0
DA:25,1
DA:33,1
DA:35,1
DA:36,1
DA:37,1
DA:38,0
DA:40,0
DA:42,0
DA:43,0
DA:45,0
DA:49,0
DA:50,0
DA:54,1
LF:23
LH:13
BRDA:9,0,0,3
BRDA:9,0,1,1
BRDA:11,1,0,3
BRDA:11,1,1,0
BRDA:11,2,0,3
BRDA:11,2,1,3
BRDA:11,2,2,3
BRDA:13,3,0,0
BRDA:13,3,1,3
BRDA:37,4,0,0
BRDA:37,4,1,1
BRDA:40,5,0,0
BRDA:40,5,1,0
BRDA:40,6,0,0
BRDA:40,6,1,0
BRDA:40,6,2,0
BRDA:42,7,0,0
BRDA:42,7,1,0
BRF:18
BRH:8
end_of_record
TN:
SF:src\middleware\user.middlewares.ts
FN:8,(anonymous_8)
FN:8,(anonymous_9)
FN:19,(anonymous_10)
FN:20,(anonymous_11)
FN:20,(anonymous_12)
FN:31,(anonymous_13)
FN:32,(anonymous_14)
FN:32,(anonymous_15)
FN:53,(anonymous_16)
FN:53,(anonymous_17)
FN:65,(anonymous_18)
FN:65,(anonymous_19)
FNF:12
FNH:12
FNDA:2,(anonymous_8)
FNDA:2,(anonymous_9)
FNDA:5,(anonymous_10)
FNDA:5,(anonymous_11)
FNDA:5,(anonymous_12)
FNDA:17,(anonymous_13)
FNDA:17,(anonymous_14)
FNDA:17,(anonymous_15)
FNDA:3,(anonymous_16)
FNDA:3,(anonymous_17)
FNDA:6,(anonymous_18)
FNDA:6,(anonymous_19)
DA:2,1
DA:3,1
DA:5,1
DA:8,2
DA:10,2
DA:11,2
DA:12,1
DA:14,1
DA:19,1
DA:20,5
DA:22,5
DA:23,1
DA:25,4
DA:26,4
DA:31,1
DA:32,17
DA:33,17
DA:34,4
DA:36,13
DA:38,13
DA:39,13
DA:40,13
DA:42,13
DA:43,1
DA:46,0
DA:48,12
DA:53,3
DA:54,3
DA:55,3
DA:56,1
DA:57,1
DA:58,1
DA:59,1
DA:61,2
DA:65,6
DA:66,6
DA:67,6
DA:68,2
DA:69,2
DA:70,2
DA:71,2
DA:73,4
LF:42
LH:41
BRDA:11,0,0,1
BRDA:11,0,1,1
BRDA:22,1,0,1
BRDA:22,2,0,5
BRDA:22,2,1,5
BRDA:33,3,0,4
BRDA:33,4,0,17
BRDA:33,4,1,17
BRDA:39,5,0,0
BRDA:42,6,0,1
BRDA:55,7,0,1
BRDA:55,7,1,2
BRDA:57,8,0,0
BRDA:57,8,1,1
BRDA:57,9,0,1
BRDA:57,9,1,1
BRDA:67,10,0,2
BRDA:67,10,1,4
BRDA:69,11,0,0
BRDA:69,11,1,2
BRDA:69,12,0,2
BRDA:69,12,1,2
BRF:22
BRH:19
end_of_record
TN:
SF:src\models\blog.ts
FNF:0
FNH:0
DA:1,1
DA:4,1
DA:12,1
LF:3
LH:3
BRF:0
BRH:0
end_of_record
TN:
SF:src\models\blogComment.ts
FNF:0
FNH:0
DA:2,1
DA:3,1
DA:4,1
DA:19,1
LF:4
LH:4
BRF:0
BRH:0
end_of_record
TN:
SF:src\models\blogLike.ts
FNF:0
FNH:0
DA:1,1
DA:2,1
DA:5,1
DA:15,1
LF:4
LH:4
BRF:0
BRH:0
end_of_record
TN:
SF:src\models\querries.ts
FNF:0
FNH:0
DA:1,1
DA:3,1
DA:33,1
LF:3
LH:3
BRF:0
BRH:0
end_of_record
TN:
SF:src\models\userAuth.ts
FNF:0
FNH:0
DA:1,1
DA:7,1
DA:32,1
LF:3
LH:3
BRF:0
BRH:0
end_of_record
TN:
SF:src\routers\authRoutes.ts
FNF:0
FNH:0
DA:1,1
DA:2,1
DA:3,1
DA:4,1
DA:5,1
DA:6,1
DA:7,1
DA:9,1
DA:11,1
DA:12,1
DA:14,1
LF:11
LH:11
BRF:0
BRH:0
end_of_record
TN:
SF:src\routers\blogsRoute.ts
FNF:0
FNH:0
DA:2,1
DA:4,1
DA:6,1
DA:9,1
DA:16,1
DA:21,1
DA:25,1
DA:28,1
DA:33,1
DA:34,1
DA:35,1
DA:38,1
DA:39,1
DA:43,1
DA:45,1
DA:47,1
DA:49,1
DA:50,1
DA:54,1
DA:55,1
DA:56,1
DA:57,1
DA:61,1
DA:62,1
DA:63,1
DA:66,1
DA:67,1
DA:72,1
LF:28
LH:28
BRF:0
BRH:0
end_of_record
TN:
SF:src\utils\cloudinary.ts
FNF:0
FNH:0
DA:1,1
DA:2,1
DA:3,1
DA:4,1
DA:9,1
LF:5
LH:5
BRF:0
BRH:0
end_of_record
TN:
SF:src\utils\multer.ts
FN:9,(anonymous_1)
FNF:1
FNH:0
FNDA:0,(anonymous_1)
DA:1,1
DA:5,1
DA:7,1
DA:9,1
DA:11,0
DA:12,0
DA:14,0
DA:15,0
DA:16,0
DA:18,0
DA:20,0
DA:21,0
DA:27,1
DA:29,1
DA:30,1
LF:15
LH:7
BRDA:11,0,0,0
BRDA:11,0,1,0
BRDA:11,1,0,0
BRDA:11,1,1,0
BRDA:11,1,2,0
BRDA:14,2,0,0
BRF:6
BRH:0
end_of_record
TN:
SF:src\validation\blog.validation.ts
FN:5,(anonymous_1)
FNF:1
FNH:1
FNDA:3,(anonymous_1)
DA:1,1
DA:5,1
DA:7,3
DA:12,3
LF:4
LH:4
BRF:0
BRH:0
end_of_record
TN:
SF:src\validation\comment.validation.ts
FN:4,(anonymous_1)
FNF:1
FNH:1
FNDA:2,(anonymous_1)
DA:1,1
DA:4,1
DA:5,2
DA:8,2
LF:4
LH:4
BRF:0
BRH:0
end_of_record
TN:
SF:src\validation\querries.validation.ts
FN:4,(anonymous_1)
FNF:1
FNH:1
FNDA:2,(anonymous_1)
DA:1,1
DA:4,1
DA:6,2
DA:27,2
LF:4
LH:4
BRF:0
BRH:0
end_of_record
TN:
SF:src\validation\user.validation.ts
FN:4,(anonymous_1)
FN:20,(anonymous_2)
FNF:2
FNH:2
FNDA:3,(anonymous_1)
FNDA:6,(anonymous_2)
DA:1,1
DA:4,1
DA:5,3
DA:17,3
DA:20,1
DA:21,6
DA:26,6
LF:7
LH:7
BRF:0
BRH:0
end_of_record
